#
# A fatal error has been detected by the Java Runtime Environment:
#
#  SIGSEGV (0xb) at pc=0x000000010906f889, pid=75406, tid=4355
#
# JRE version: Java(TM) SE Runtime Environment (9.0+11) (build 9.0.4+11)
# Java VM: Java HotSpot(TM) 64-Bit Server VM (9.0.4+11, mixed mode, tiered, compressed oops, g1 gc, bsd-amd64)
# Problematic frame:
# V  [libjvm.dylib+0x684889]  SignatureIterator::expect(char)+0x11
#
# No core dump will be written. Core dumps have been disabled. To enable core dumping, try "ulimit -c unlimited" before starting Java again
#
# If you would like to submit a bug report, please visit:
#   http://bugreport.java.com/bugreport/crash.jsp
#

---------------  S U M M A R Y ------------

Command Line: -agentlib:jdwp=transport=dt_socket,address=127.0.0.1:52605,suspend=y,server=n -javaagent:/Users/ellathames/Library/Caches/IdeaIC2017.3/captureAgent/debugger-agent.jar=/private/var/folders/n4/v4l_dfvs7kd6535r6_l0z9dm0000gn/T/capture.props -Dfile.encoding=UTF-8 byog.Core.Main n97976986123s

Host: MacBookAir7,2 x86_64 1600 MHz, 4 cores, 8G, Darwin 15.6.0
Time: Thu Mar  1 13:15:28 2018 PST elapsed time: 10407 seconds (0d 2h 53m 27s)

---------------  T H R E A D  ---------------

Current thread (0x00007faec3800000):  JavaThread "main" [_thread_in_vm, id=4355, stack(0x0000700000084000,0x0000700000184000)]

Stack: [0x0000700000084000,0x0000700000184000],  sp=0x0000700000183660,  free space=1021k
Native frames: (J=compiled Java code, A=aot compiled Java code, j=interpreted, Vv=VM code, C=native code)
V  [libjvm.dylib+0x684889]  SignatureIterator::expect(char)+0x11
V  [libjvm.dylib+0x684c27]  SignatureIterator::iterate_parameters()+0x1b
V  [libjvm.dylib+0x2ec629]  frame::interpreter_callee_receiver_addr(Symbol*)+0x43
V  [libjvm.dylib+0x39b314]  InterpreterRuntime::resolve_invoke(JavaThread*, Bytecodes::Code)+0xfc
V  [libjvm.dylib+0x39b9c5]  InterpreterRuntime::resolve_from_cache(JavaThread*, Bytecodes::Code)+0x3d
j  byog.Core.Game.getMovement()V+201
j  byog.Core.Game.playWithKeyboard()V+129
j  byog.Core.Main.main([Ljava/lang/String;)V+9
v  ~StubRoutines::call_stub
V  [libjvm.dylib+0x3a33ed]  JavaCalls::call_helper(JavaValue*, methodHandle const&, JavaCallArguments*, Thread*)+0x2b5
V  [libjvm.dylib+0x3dc859]  jni_invoke_static(JNIEnv_*, JavaValue*, _jobject*, JNICallType, _jmethodID*, JNI_ArgumentPusher*, Thread*)+0x12d
V  [libjvm.dylib+0x3df207]  jni_CallStaticVoidMethod+0x18d
C  [java+0x4dfa]  JavaMain+0xb8d
C  [libsystem_pthread.dylib+0x399d]  _pthread_body+0x83
C  [libsystem_pthread.dylib+0x391a]  _pthread_body+0x0
C  [libsystem_pthread.dylib+0x1351]  thread_start+0xd
C  0x0000000000000000

Java frames: (J=compiled Java code, j=interpreted, Vv=VM code)
j  byog.Core.Game.getMovement()V+201
j  byog.Core.Game.playWithKeyboard()V+129
j  byog.Core.Main.main([Ljava/lang/String;)V+9
v  ~StubRoutines::call_stub

siginfo: si_signo: 11 (SIGSEGV), si_code: 1 (SEGV_MAPERR), si_addr: 0x0000000000000006

Register to memory mapping:

RAX=0x0000000000000000 is an unknown value
RBX=0x00007000001836a8 is pointing into the stack for thread: 0x00007faec3800000
RCX=0x0000000000000000 is an unknown value
RDX=0x0000000114750000 is an unknown value
RSP=0x0000700000183660 is pointing into the stack for thread: 0x00007faec3800000
RBP=0x0000700000183670 is pointing into the stack for thread: 0x00007faec3800000
RSI=0x0000000000000028 is an unknown value
RDI=0x00007000001836a8 is pointing into the stack for thread: 0x00007faec3800000
R8 =0x00000000e8019ead is an unknown value
R9 =0x0000000000000064 is an unknown value
R10=0x0000000000000000 is an unknown value
R11=0x00000000e8019ee3 is an unknown value
R12=0x4d000c332bdf8a76 is an unknown value
R13=0x00000000000000b6 is an unknown value
R14=0x00007000001836a8 is pointing into the stack for thread: 0x00007faec3800000
R15=0x0000700000183758 is pointing into the stack for thread: 0x00007faec3800000


Registers:
RAX=0x0000000000000000, RBX=0x00007000001836a8, RCX=0x0000000000000000, RDX=0x0000000114750000
RSP=0x0000700000183660, RBP=0x0000700000183670, RSI=0x0000000000000028, RDI=0x00007000001836a8
R8 =0x00000000e8019ead, R9 =0x0000000000000064, R10=0x0000000000000000, R11=0x00000000e8019ee3
R12=0x4d000c332bdf8a76, R13=0x00000000000000b6, R14=0x00007000001836a8, R15=0x0000700000183758
RIP=0x000000010906f889, EFLAGS=0x0000000000010206, ERR=0x0000000000000004
  TRAPNO=0x000000000000000e

Top of Stack: (sp=0x0000700000183660)
0x0000700000183660:   00000001092d46a0 00007000001836a8
0x0000700000183670:   0000700000183690 000000010906fc27
0x0000700000183680:   00000001092d46a0 0000700000183758
0x0000700000183690:   00007000001836e0 0000000108cd7629
0x00007000001836a0:   00007000001836c0 00000001092d46a0
0x00007000001836b0:   0000000000000000 0000000000000000
0x00007000001836c0:   0000000000000063 0000000100000000
0x00007000001836d0:   00007faec3800000 0000000000000000
0x00007000001836e0:   0000700000183840 0000000108d86314
0x00007000001836f0:   0000000000000000 000000012b5fa0d3
0x0000700000183700:   0000700000183860 0000000108e87ef2
0x0000700000183710:   00007faec3800000 000000000000000b
0x0000700000183720:   00007faec3800000 0000000209051419
0x0000700000183730:   000000012b5fa0d3 000000012b5fa140
0x0000700000183740:   00007faec3800000 00007faec3800000
0x0000700000183750:   00007faec3800218 0000700000183878
0x0000700000183760:   0000000114782d92 0000000114758710
0x0000700000183770:   0000000000000000 00007000001838e8
0x0000700000183780:   0000700000183878 000000012b5fa101
0x0000700000183790:   00007fae000000b6 000000012b5fa140
0x00007000001837a0:   00007faec3800000 000000012b5fa140
0x00007000001837b0:   00007faec3800000 000000012b5fa140
0x00007000001837c0:   00007faec1f05b10 00007faec1f05670
0x00007000001837d0:   00007faec1f05680 00007faec1f05a58
0x00007000001837e0:   00000000000003d8 00000000000003d8
0x00007000001837f0:   00007faec3800000 00007faec3800000
0x0000700000183800:   00007faec1f05b40 00007faec1f054b0
0x0000700000183810:   4d000c332bdf8a76 00000000000000b6
0x0000700000183820:   0000000000000000 000000012b5fa101
0x0000700000183830:   00007000001838f8 00007faec3800000
0x0000700000183840:   0000700000183860 0000000108d869c5
0x0000700000183850:   00007faec3800000 00007faec3800000 

Instructions: (pc=0x000000010906f889)
0x000000010906f869:   07 48 89 77 08 c7 47 14 00 00 00 00 5d c3 90 55
0x000000010906f879:   48 89 e5 53 50 48 89 fb 48 8b 4b 08 48 63 43 10
0x000000010906f889:   0f b6 4c 01 06 40 0f b6 d6 39 d1 74 26 40 0f be
0x000000010906f899:   ce 48 8d 3d b5 d5 14 00 48 8d 15 b1 d6 14 00 be 


---------------  P R O C E S S  ---------------

Java Threads: ( => current thread )
  0x00007faec2a19800 JavaThread "AWT-EventQueue-0" [_thread_blocked, id=1811, stack(0x0000700002100000,0x0000700002200000)]
  0x00007faec30fc000 JavaThread "Java2D Disposer" daemon [_thread_blocked, id=60167, stack(0x0000700001ffd000,0x00007000020fd000)]
  0x00007faec3b88800 JavaThread "Java2D Queue Flusher" daemon [_thread_blocked, id=48695, stack(0x0000700001efa000,0x0000700001ffa000)]
  0x00007faec2964000 JavaThread "AWT-Shutdown" [_thread_blocked, id=37651, stack(0x0000700001d74000,0x0000700001e74000)]
  0x00007faec2112000 JavaThread "AppKit Thread" daemon [_thread_in_native, id=2571, stack(0x00007fff56c8b000,0x00007fff5748b000)]
  0x00007faec2894800 JavaThread "Service Thread" daemon [_thread_blocked, id=26371, stack(0x0000700001a68000,0x0000700001b68000)]
  0x00007faec206f000 JavaThread "JDWP Event Helper Thread" daemon [_thread_blocked, id=25347, stack(0x0000700001862000,0x0000700001962000)]
  0x00007faec2893800 JavaThread "Common-Cleaner" daemon [_thread_blocked, id=24323, stack(0x000070000165c000,0x000070000175c000)]
  0x00007faec2031800 JavaThread "Sweeper thread" daemon [_thread_blocked, id=23811, stack(0x0000700001559000,0x0000700001659000)]
  0x00007faec2030800 JavaThread "C1 CompilerThread2" daemon [_thread_blocked, id=23299, stack(0x0000700001456000,0x0000700001556000)]
  0x00007faec385b000 JavaThread "C2 CompilerThread1" daemon [_thread_blocked, id=22787, stack(0x0000700001353000,0x0000700001453000)]
  0x00007faec385d000 JavaThread "C2 CompilerThread0" daemon [_thread_blocked, id=22275, stack(0x0000700001250000,0x0000700001350000)]
  0x00007faec3015000 JavaThread "Signal Dispatcher" daemon [_thread_blocked, id=21767, stack(0x000070000114d000,0x000070000124d000)]
  0x00007faec3013000 JavaThread "Finalizer" daemon [_thread_blocked, id=17411, stack(0x0000700000f44000,0x0000700001044000)]
  0x00007faec3851000 JavaThread "Reference Handler" daemon [_thread_blocked, id=16899, stack(0x0000700000e41000,0x0000700000f41000)]
=>0x00007faec3800000 JavaThread "main" [_thread_in_vm, id=4355, stack(0x0000700000084000,0x0000700000184000)]

Other Threads:
  0x00007faec3850800 VMThread "VM Thread" [stack: 0x0000700000d3e000,0x0000700000e3e000] [id=16387]
  0x00007faec2078000 WatcherThread [stack: 0x0000700001b6b000,0x0000700001c6b000] [id=26883]
  0x00007faec3001000 GCTaskThread "GC Thread#0" [stack: 0x000070000021d000,0x000070000031d000] [id=10243]
  0x00007faec3009000 GCTaskThread "GC Thread#1" [stack: 0x0000700000320000,0x0000700000420000] [id=10755]
  0x00007faec3009800 GCTaskThread "GC Thread#2" [stack: 0x0000700000423000,0x0000700000523000] [id=11267]
  0x00007faec300a000 GCTaskThread "GC Thread#3" [stack: 0x0000700000526000,0x0000700000626000] [id=11779]
  0x00007faec3830800 ConcurrentGCThread "G1 Main Marker" [stack: 0x0000700000b38000,0x0000700000c38000] [id=14851]
  0x00007faec3831800 ConcurrentGCThread "G1 Marker#0" [stack: 0x0000700000c3b000,0x0000700000d3b000] [id=15875]
  0x00007faec300c800 ConcurrentGCThread "G1 Refine#0" [stack: 0x0000700000932000,0x0000700000a32000] [id=13827]
  0x00007faec300b800 ConcurrentGCThread "G1 Refine#1" [stack: 0x000070000082f000,0x000070000092f000] [id=13315]
  0x00007faec300b000 ConcurrentGCThread "G1 Refine#2" [stack: 0x000070000072c000,0x000070000082c000] [id=12803]
  0x00007faec3003000 ConcurrentGCThread "G1 Refine#3" [stack: 0x0000700000629000,0x0000700000729000] [id=12291]
  0x00007faec380c000 ConcurrentGCThread "G1 Young RemSet Sampling" [stack: 0x0000700000a35000,0x0000700000b35000] [id=14339]

Threads with active compile tasks:

VM state:not at safepoint (normal execution)

VM Mutex/Monitor currently owned by a thread: None

Heap address: 0x0000000740000000, size: 2048 MB, Compressed Oops mode: Zero based, Oop shift amount: 3
Narrow klass base: 0x0000000000000000, Narrow klass shift: 3
Compressed class space size: 1073741824 Address: 0x00000007c0000000

Heap:
 garbage-first heap   total 131072K, used 25639K [0x0000000740000000, 0x0000000740100400, 0x00000007c0000000)
  region size 1024K, 9 young (9216K), 1 survivors (1024K)
 Metaspace       used 15882K, capacity 16868K, committed 17024K, reserved 1064960K
  class space    used 1610K, capacity 1808K, committed 1920K, reserved 1048576K
Heap Regions: E=young(eden), S=young(survivor), O=old, HS=humongous(starts), HC=humongous(continues), CS=collection set, F=free, A=archive, TS=gc time stamp, AC=allocation context, TAMS=top-at-mark-start (previous, next)
|   0|0x0000000740000000, 0x0000000740100000, 0x0000000740100000|100%| O|  |TS 31|AC  0|TAMS 0x0000000740000000, 0x0000000740000000|
|   1|0x0000000740100000, 0x0000000740200000, 0x0000000740200000|100%| O|  |TS 33|AC  0|TAMS 0x0000000740100000, 0x0000000740100000|
|   2|0x0000000740200000, 0x0000000740300000, 0x0000000740300000|100%|HS|  |TS  0|AC  0|TAMS 0x0000000740200000, 0x0000000740200000|
|   3|0x0000000740300000, 0x0000000740400000, 0x0000000740400000|100%|HC|  |TS  0|AC  0|TAMS 0x0000000740300000, 0x0000000740300000|
|   4|0x0000000740400000, 0x0000000740500000, 0x0000000740500000|100%| O|  |TS 31|AC  0|TAMS 0x0000000740400000, 0x0000000740400000|
|   5|0x0000000740500000, 0x0000000740600000, 0x0000000740600000|100%| O|  |TS211|AC  0|TAMS 0x0000000740500000, 0x0000000740500000|
|   6|0x0000000740600000, 0x0000000740607e00, 0x0000000740700000|  3%| O|  |TS523|AC  0|TAMS 0x0000000740600000, 0x0000000740600000|
|   7|0x0000000740700000, 0x0000000740800000, 0x0000000740800000|100%|HS|  |TS  0|AC  0|TAMS 0x0000000740700000, 0x0000000740700000|
|   8|0x0000000740800000, 0x0000000740900000, 0x0000000740900000|100%|HC|  |TS  0|AC  0|TAMS 0x0000000740800000, 0x0000000740800000|
|   9|0x0000000740900000, 0x0000000740a00000, 0x0000000740a00000|100%|HC|  |TS  0|AC  0|TAMS 0x0000000740900000, 0x0000000740900000|
|  10|0x0000000740a00000, 0x0000000740b00000, 0x0000000740b00000|100%|HS|  |TS  0|AC  0|TAMS 0x0000000740a00000, 0x0000000740a00000|
|  11|0x0000000740b00000, 0x0000000740c00000, 0x0000000740c00000|100%|HC|  |TS  0|AC  0|TAMS 0x0000000740b00000, 0x0000000740b00000|
|  12|0x0000000740c00000, 0x0000000740d00000, 0x0000000740d00000|100%|HC|  |TS  0|AC  0|TAMS 0x0000000740c00000, 0x0000000740c00000|
|  13|0x0000000740d00000, 0x0000000740e00000, 0x0000000740e00000|100%|HS|  |TS521|AC  0|TAMS 0x0000000740d00000, 0x0000000740d00000|
|  14|0x0000000740e00000, 0x0000000740f00000, 0x0000000740f00000|100%|HC|  |TS521|AC  0|TAMS 0x0000000740e00000, 0x0000000740e00000|
|  15|0x0000000740f00000, 0x0000000741000000, 0x0000000741000000|100%|HC|  |TS521|AC  0|TAMS 0x0000000740f00000, 0x0000000740f00000|
|  16|0x0000000741000000, 0x0000000741100000, 0x0000000741100000|100%|HS|  |TS523|AC  0|TAMS 0x0000000741000000, 0x0000000741000000|
|  17|0x0000000741100000, 0x0000000741200000, 0x0000000741200000|100%|HC|  |TS523|AC  0|TAMS 0x0000000741100000, 0x0000000741100000|
|  18|0x0000000741200000, 0x0000000741300000, 0x0000000741300000|100%|HC|  |TS523|AC  0|TAMS 0x0000000741200000, 0x0000000741200000|
|  19|0x0000000741300000, 0x0000000741300000, 0x0000000741400000|  0%| F|  |TS315|AC  0|TAMS 0x0000000741300000, 0x0000000741300000|
|  20|0x0000000741400000, 0x0000000741400000, 0x0000000741500000|  0%| F|  |TS315|AC  0|TAMS 0x0000000741400000, 0x0000000741400000|
|  21|0x0000000741500000, 0x0000000741500000, 0x0000000741600000|  0%| F|  |TS315|AC  0|TAMS 0x0000000741500000, 0x0000000741500000|
|  22|0x0000000741600000, 0x0000000741600000, 0x0000000741700000|  0%| F|  |TS  0|AC  0|TAMS 0x0000000741600000, 0x0000000741600000|
|  23|0x0000000741700000, 0x0000000741700000, 0x0000000741800000|  0%| F|  |TS  0|AC  0|TAMS 0x0000000741700000, 0x0000000741700000|
|  24|0x0000000741800000, 0x0000000741800000, 0x0000000741900000|  0%| F|  |TS  0|AC  0|TAMS 0x0000000741800000, 0x0000000741800000|
|  25|0x0000000741900000, 0x0000000741900000, 0x0000000741a00000|  0%| F|  |TS  0|AC  0|TAMS 0x0000000741900000, 0x0000000741900000|
|  26|0x0000000741a00000, 0x0000000741a00000, 0x0000000741b00000|  0%| F|  |TS  0|AC  0|TAMS 0x0000000741a00000, 0x0000000741a00000|
|  27|0x0000000741b00000, 0x0000000741b00000, 0x0000000741c00000|  0%| F|  |TS  0|AC  0|TAMS 0x0000000741b00000, 0x0000000741b00000|
|  28|0x0000000741c00000, 0x0000000741c00000, 0x0000000741d00000|  0%| F|  |TS  0|AC  0|TAMS 0x0000000741c00000, 0x0000000741c00000|
|  29|0x0000000741d00000, 0x0000000741d00000, 0x0000000741e00000|  0%| F|  |TS  0|AC  0|TAMS 0x0000000741d00000, 0x0000000741d00000|
|  30|0x0000000741e00000, 0x0000000741e00000, 0x0000000741f00000|  0%| F|  |TS  0|AC  0|TAMS 0x0000000741e00000, 0x0000000741e00000|
|  31|0x0000000741f00000, 0x0000000741f00000, 0x0000000742000000|  0%| F|  |TS  0|AC  0|TAMS 0x0000000741f00000, 0x0000000741f00000|
|  32|0x0000000742000000, 0x0000000742000000, 0x0000000742100000|  0%| F|  |TS  0|AC  0|TAMS 0x0000000742000000, 0x0000000742000000|
|  33|0x0000000742100000, 0x0000000742100000, 0x0000000742200000|  0%| F|  |TS  0|AC  0|TAMS 0x0000000742100000, 0x0000000742100000|
|  34|0x0000000742200000, 0x0000000742200000, 0x0000000742300000|  0%| F|  |TS  0|AC  0|TAMS 0x0000000742200000, 0x0000000742200000|
|  35|0x0000000742300000, 0x0000000742300000, 0x0000000742400000|  0%| F|  |TS  0|AC  0|TAMS 0x0000000742300000, 0x0000000742300000|
|  36|0x0000000742400000, 0x0000000742400000, 0x0000000742500000|  0%| F|  |TS  0|AC  0|TAMS 0x0000000742400000, 0x0000000742400000|
|  37|0x0000000742500000, 0x0000000742500000, 0x0000000742600000|  0%| F|  |TS  0|AC  0|TAMS 0x0000000742500000, 0x0000000742500000|
|  38|0x0000000742600000, 0x0000000742600000, 0x0000000742700000|  0%| F|  |TS  0|AC  0|TAMS 0x0000000742600000, 0x0000000742600000|
|  39|0x0000000742700000, 0x0000000742700000, 0x0000000742800000|  0%| F|  |TS  0|AC  0|TAMS 0x0000000742700000, 0x0000000742700000|
|  40|0x0000000742800000, 0x0000000742800000, 0x0000000742900000|  0%| F|  |TS  0|AC  0|TAMS 0x0000000742800000, 0x0000000742800000|
|  41|0x0000000742900000, 0x0000000742900000, 0x0000000742a00000|  0%| F|  |TS  0|AC  0|TAMS 0x0000000742900000, 0x0000000742900000|
|  42|0x0000000742a00000, 0x0000000742a00000, 0x0000000742b00000|  0%| F|  |TS  0|AC  0|TAMS 0x0000000742a00000, 0x0000000742a00000|
|  43|0x0000000742b00000, 0x0000000742b00000, 0x0000000742c00000|  0%| F|  |TS  0|AC  0|TAMS 0x0000000742b00000, 0x0000000742b00000|
|  44|0x0000000742c00000, 0x0000000742c00000, 0x0000000742d00000|  0%| F|  |TS  0|AC  0|TAMS 0x0000000742c00000, 0x0000000742c00000|
|  45|0x0000000742d00000, 0x0000000742d00000, 0x0000000742e00000|  0%| F|  |TS  0|AC  0|TAMS 0x0000000742d00000, 0x0000000742d00000|
|  46|0x0000000742e00000, 0x0000000742e00000, 0x0000000742f00000|  0%| F|  |TS  0|AC  0|TAMS 0x0000000742e00000, 0x0000000742e00000|
|  47|0x0000000742f00000, 0x0000000742f00000, 0x0000000743000000|  0%| F|  |TS  0|AC  0|TAMS 0x0000000742f00000, 0x0000000742f00000|
|  48|0x0000000743000000, 0x0000000743000000, 0x0000000743100000|  0%| F|  |TS 29|AC  0|TAMS 0x0000000743000000, 0x0000000743000000|
|  49|0x0000000743100000, 0x0000000743100000, 0x0000000743200000|  0%| F|  |TS 29|AC  0|TAMS 0x0000000743100000, 0x0000000743100000|
|  50|0x0000000743200000, 0x0000000743200000, 0x0000000743300000|  0%| F|  |TS311|AC  0|TAMS 0x0000000743200000, 0x0000000743200000|
|  51|0x0000000743300000, 0x0000000743300000, 0x0000000743400000|  0%| F|  |TS523|AC  0|TAMS 0x0000000743300000, 0x0000000743300000|
|  52|0x0000000743400000, 0x0000000743402040, 0x0000000743500000|  0%| S|CS|TS523|AC  0|TAMS 0x0000000743400000, 0x0000000743400000|
|  53|0x0000000743500000, 0x0000000743500000, 0x0000000743600000|  0%| F|  |TS523|AC  0|TAMS 0x0000000743500000, 0x0000000743500000|
|  54|0x0000000743600000, 0x0000000743600000, 0x0000000743700000|  0%| F|  |TS523|AC  0|TAMS 0x0000000743600000, 0x0000000743600000|
|  55|0x0000000743700000, 0x0000000743700000, 0x0000000743800000|  0%| F|  |TS523|AC  0|TAMS 0x0000000743700000, 0x0000000743700000|
|  56|0x0000000743800000, 0x0000000743800000, 0x0000000743900000|  0%| F|  |TS523|AC  0|TAMS 0x0000000743800000, 0x0000000743800000|
|  57|0x0000000743900000, 0x0000000743900000, 0x0000000743a00000|  0%| F|  |TS523|AC  0|TAMS 0x0000000743900000, 0x0000000743900000|
|  58|0x0000000743a00000, 0x0000000743a00000, 0x0000000743b00000|  0%| F|  |TS523|AC  0|TAMS 0x0000000743a00000, 0x0000000743a00000|
|  59|0x0000000743b00000, 0x0000000743b00000, 0x0000000743c00000|  0%| F|  |TS523|AC  0|TAMS 0x0000000743b00000, 0x0000000743b00000|
|  60|0x0000000743c00000, 0x0000000743c00000, 0x0000000743d00000|  0%| F|  |TS523|AC  0|TAMS 0x0000000743c00000, 0x0000000743c00000|
|  61|0x0000000743d00000, 0x0000000743d00000, 0x0000000743e00000|  0%| F|  |TS523|AC  0|TAMS 0x0000000743d00000, 0x0000000743d00000|
|  62|0x0000000743e00000, 0x0000000743e00000, 0x0000000743f00000|  0%| F|  |TS523|AC  0|TAMS 0x0000000743e00000, 0x0000000743e00000|
|  63|0x0000000743f00000, 0x0000000743f00000, 0x0000000744000000|  0%| F|  |TS523|AC  0|TAMS 0x0000000743f00000, 0x0000000743f00000|
|  64|0x0000000744000000, 0x0000000744000000, 0x0000000744100000|  0%| F|  |TS523|AC  0|TAMS 0x0000000744000000, 0x0000000744000000|
|  65|0x0000000744100000, 0x0000000744100000, 0x0000000744200000|  0%| F|  |TS523|AC  0|TAMS 0x0000000744100000, 0x0000000744100000|
|  66|0x0000000744200000, 0x0000000744200000, 0x0000000744300000|  0%| F|  |TS523|AC  0|TAMS 0x0000000744200000, 0x0000000744200000|
|  67|0x0000000744300000, 0x0000000744300000, 0x0000000744400000|  0%| F|  |TS523|AC  0|TAMS 0x0000000744300000, 0x0000000744300000|
|  68|0x0000000744400000, 0x0000000744400000, 0x0000000744500000|  0%| F|  |TS523|AC  0|TAMS 0x0000000744400000, 0x0000000744400000|
|  69|0x0000000744500000, 0x0000000744500000, 0x0000000744600000|  0%| F|  |TS523|AC  0|TAMS 0x0000000744500000, 0x0000000744500000|
|  70|0x0000000744600000, 0x0000000744600000, 0x0000000744700000|  0%| F|  |TS523|AC  0|TAMS 0x0000000744600000, 0x0000000744600000|
|  71|0x0000000744700000, 0x0000000744700000, 0x0000000744800000|  0%| F|  |TS523|AC  0|TAMS 0x0000000744700000, 0x0000000744700000|
|  72|0x0000000744800000, 0x0000000744800000, 0x0000000744900000|  0%| F|  |TS523|AC  0|TAMS 0x0000000744800000, 0x0000000744800000|
|  73|0x0000000744900000, 0x0000000744900000, 0x0000000744a00000|  0%| F|  |TS523|AC  0|TAMS 0x0000000744900000, 0x0000000744900000|
|  74|0x0000000744a00000, 0x0000000744a00000, 0x0000000744b00000|  0%| F|  |TS523|AC  0|TAMS 0x0000000744a00000, 0x0000000744a00000|
|  75|0x0000000744b00000, 0x0000000744b00000, 0x0000000744c00000|  0%| F|  |TS523|AC  0|TAMS 0x0000000744b00000, 0x0000000744b00000|
|  76|0x0000000744c00000, 0x0000000744c00000, 0x0000000744d00000|  0%| F|  |TS523|AC  0|TAMS 0x0000000744c00000, 0x0000000744c00000|
|  77|0x0000000744d00000, 0x0000000744d00000, 0x0000000744e00000|  0%| F|  |TS523|AC  0|TAMS 0x0000000744d00000, 0x0000000744d00000|
|  78|0x0000000744e00000, 0x0000000744e00000, 0x0000000744f00000|  0%| F|  |TS523|AC  0|TAMS 0x0000000744e00000, 0x0000000744e00000|
|  79|0x0000000744f00000, 0x0000000744f00000, 0x0000000745000000|  0%| F|  |TS523|AC  0|TAMS 0x0000000744f00000, 0x0000000744f00000|
|  80|0x0000000745000000, 0x0000000745000000, 0x0000000745100000|  0%| F|  |TS523|AC  0|TAMS 0x0000000745000000, 0x0000000745000000|
|  81|0x0000000745100000, 0x0000000745100000, 0x0000000745200000|  0%| F|  |TS523|AC  0|TAMS 0x0000000745100000, 0x0000000745100000|
|  82|0x0000000745200000, 0x0000000745200000, 0x0000000745300000|  0%| F|  |TS523|AC  0|TAMS 0x0000000745200000, 0x0000000745200000|
|  83|0x0000000745300000, 0x0000000745300000, 0x0000000745400000|  0%| F|  |TS523|AC  0|TAMS 0x0000000745300000, 0x0000000745300000|
|  84|0x0000000745400000, 0x0000000745400000, 0x0000000745500000|  0%| F|  |TS523|AC  0|TAMS 0x0000000745400000, 0x0000000745400000|
|  85|0x0000000745500000, 0x0000000745500000, 0x0000000745600000|  0%| F|  |TS523|AC  0|TAMS 0x0000000745500000, 0x0000000745500000|
|  86|0x0000000745600000, 0x0000000745600000, 0x0000000745700000|  0%| F|  |TS523|AC  0|TAMS 0x0000000745600000, 0x0000000745600000|
|  87|0x0000000745700000, 0x0000000745700000, 0x0000000745800000|  0%| F|  |TS523|AC  0|TAMS 0x0000000745700000, 0x0000000745700000|
|  88|0x0000000745800000, 0x0000000745800000, 0x0000000745900000|  0%| F|  |TS523|AC  0|TAMS 0x0000000745800000, 0x0000000745800000|
|  89|0x0000000745900000, 0x0000000745900000, 0x0000000745a00000|  0%| F|  |TS523|AC  0|TAMS 0x0000000745900000, 0x0000000745900000|
|  90|0x0000000745a00000, 0x0000000745a00000, 0x0000000745b00000|  0%| F|  |TS523|AC  0|TAMS 0x0000000745a00000, 0x0000000745a00000|
|  91|0x0000000745b00000, 0x0000000745b00000, 0x0000000745c00000|  0%| F|  |TS523|AC  0|TAMS 0x0000000745b00000, 0x0000000745b00000|
|  92|0x0000000745c00000, 0x0000000745c00000, 0x0000000745d00000|  0%| F|  |TS523|AC  0|TAMS 0x0000000745c00000, 0x0000000745c00000|
|  93|0x0000000745d00000, 0x0000000745d00000, 0x0000000745e00000|  0%| F|  |TS523|AC  0|TAMS 0x0000000745d00000, 0x0000000745d00000|
|  94|0x0000000745e00000, 0x0000000745e00000, 0x0000000745f00000|  0%| F|  |TS523|AC  0|TAMS 0x0000000745e00000, 0x0000000745e00000|
|  95|0x0000000745f00000, 0x0000000745f00000, 0x0000000746000000|  0%| F|  |TS523|AC  0|TAMS 0x0000000745f00000, 0x0000000745f00000|
|  96|0x0000000746000000, 0x0000000746000000, 0x0000000746100000|  0%| F|  |TS523|AC  0|TAMS 0x0000000746000000, 0x0000000746000000|
|  97|0x0000000746100000, 0x0000000746100000, 0x0000000746200000|  0%| F|  |TS523|AC  0|TAMS 0x0000000746100000, 0x0000000746100000|
|  98|0x0000000746200000, 0x0000000746200000, 0x0000000746300000|  0%| F|  |TS523|AC  0|TAMS 0x0000000746200000, 0x0000000746200000|
|  99|0x0000000746300000, 0x0000000746300000, 0x0000000746400000|  0%| F|  |TS523|AC  0|TAMS 0x0000000746300000, 0x0000000746300000|
| 100|0x0000000746400000, 0x0000000746400000, 0x0000000746500000|  0%| F|  |TS523|AC  0|TAMS 0x0000000746400000, 0x0000000746400000|
| 101|0x0000000746500000, 0x0000000746500000, 0x0000000746600000|  0%| F|  |TS523|AC  0|TAMS 0x0000000746500000, 0x0000000746500000|
| 102|0x0000000746600000, 0x0000000746600000, 0x0000000746700000|  0%| F|  |TS523|AC  0|TAMS 0x0000000746600000, 0x0000000746600000|
| 103|0x0000000746700000, 0x0000000746700000, 0x0000000746800000|  0%| F|  |TS523|AC  0|TAMS 0x0000000746700000, 0x0000000746700000|
| 104|0x0000000746800000, 0x0000000746800000, 0x0000000746900000|  0%| F|  |TS523|AC  0|TAMS 0x0000000746800000, 0x0000000746800000|
| 105|0x0000000746900000, 0x0000000746900000, 0x0000000746a00000|  0%| F|  |TS523|AC  0|TAMS 0x0000000746900000, 0x0000000746900000|
| 106|0x0000000746a00000, 0x0000000746a00000, 0x0000000746b00000|  0%| F|  |TS523|AC  0|TAMS 0x0000000746a00000, 0x0000000746a00000|
| 107|0x0000000746b00000, 0x0000000746b00000, 0x0000000746c00000|  0%| F|  |TS523|AC  0|TAMS 0x0000000746b00000, 0x0000000746b00000|
| 108|0x0000000746c00000, 0x0000000746c00000, 0x0000000746d00000|  0%| F|  |TS523|AC  0|TAMS 0x0000000746c00000, 0x0000000746c00000|
| 109|0x0000000746d00000, 0x0000000746d00000, 0x0000000746e00000|  0%| F|  |TS523|AC  0|TAMS 0x0000000746d00000, 0x0000000746d00000|
| 110|0x0000000746e00000, 0x0000000746e00000, 0x0000000746f00000|  0%| F|  |TS523|AC  0|TAMS 0x0000000746e00000, 0x0000000746e00000|
| 111|0x0000000746f00000, 0x0000000746f00000, 0x0000000747000000|  0%| F|  |TS523|AC  0|TAMS 0x0000000746f00000, 0x0000000746f00000|
| 112|0x0000000747000000, 0x0000000747000000, 0x0000000747100000|  0%| F|  |TS523|AC  0|TAMS 0x0000000747000000, 0x0000000747000000|
| 113|0x0000000747100000, 0x0000000747100000, 0x0000000747200000|  0%| F|  |TS523|AC  0|TAMS 0x0000000747100000, 0x0000000747100000|
| 114|0x0000000747200000, 0x0000000747200000, 0x0000000747300000|  0%| F|  |TS523|AC  0|TAMS 0x0000000747200000, 0x0000000747200000|
| 115|0x0000000747300000, 0x0000000747300000, 0x0000000747400000|  0%| F|  |TS523|AC  0|TAMS 0x0000000747300000, 0x0000000747300000|
| 116|0x0000000747400000, 0x0000000747400000, 0x0000000747500000|  0%| F|  |TS523|AC  0|TAMS 0x0000000747400000, 0x0000000747400000|
| 117|0x0000000747500000, 0x0000000747500000, 0x0000000747600000|  0%| F|  |TS523|AC  0|TAMS 0x0000000747500000, 0x0000000747500000|
| 118|0x0000000747600000, 0x0000000747600000, 0x0000000747700000|  0%| F|  |TS523|AC  0|TAMS 0x0000000747600000, 0x0000000747600000|
| 119|0x0000000747700000, 0x0000000747700000, 0x0000000747800000|  0%| F|  |TS523|AC  0|TAMS 0x0000000747700000, 0x0000000747700000|
| 120|0x0000000747800000, 0x0000000747800800, 0x0000000747900000|  0%| E|  |TS523|AC  0|TAMS 0x0000000747800000, 0x0000000747800000|
| 121|0x0000000747900000, 0x0000000747a00000, 0x0000000747a00000|100%| E|CS|TS523|AC  0|TAMS 0x0000000747900000, 0x0000000747900000|
| 122|0x0000000747a00000, 0x0000000747b00000, 0x0000000747b00000|100%| E|CS|TS523|AC  0|TAMS 0x0000000747a00000, 0x0000000747a00000|
| 123|0x0000000747b00000, 0x0000000747c00000, 0x0000000747c00000|100%| E|CS|TS523|AC  0|TAMS 0x0000000747b00000, 0x0000000747b00000|
| 124|0x0000000747c00000, 0x0000000747d00000, 0x0000000747d00000|100%| E|CS|TS523|AC  0|TAMS 0x0000000747c00000, 0x0000000747c00000|
| 125|0x0000000747d00000, 0x0000000747e00000, 0x0000000747e00000|100%| E|CS|TS523|AC  0|TAMS 0x0000000747d00000, 0x0000000747d00000|
| 126|0x0000000747e00000, 0x0000000747f00000, 0x0000000747f00000|100%| E|CS|TS523|AC  0|TAMS 0x0000000747e00000, 0x0000000747e00000|
| 127|0x0000000747f00000, 0x0000000748000000, 0x0000000748000000|100%| E|CS|TS523|AC  0|TAMS 0x0000000747f00000, 0x0000000747f00000|

Card table byte_map: [0x0000000124526000,0x0000000124926000] byte_map_base: 0x0000000120b26000

Marking Bits (Prev, Next): (CMBitMap*) 0x00007faec382fe70, (CMBitMap*) 0x00007faec382fea8
 Prev Bits: [0x0000000124d26000, 0x0000000126d26000)
 Next Bits: [0x0000000126d26000, 0x0000000128d26000)

Polling page: 0x00000001096d4000

CodeHeap 'non-profiled nmethods': size=120032Kb used=2053Kb max_used=2053Kb free=117978Kb
 bounds [0x000000011c218000, 0x000000011c488000, 0x0000000123750000]
CodeHeap 'profiled nmethods': size=120032Kb used=3344Kb max_used=4619Kb free=116687Kb
 bounds [0x0000000114ce0000, 0x0000000115170000, 0x000000011c218000]
CodeHeap 'non-nmethods': size=5696Kb used=1353Kb max_used=1403Kb free=4342Kb
 bounds [0x0000000114750000, 0x00000001149c0000, 0x0000000114ce0000]
 total_blobs=3810 nmethods=1965 adapters=523
 compilation: enabled

Compilation events (10 events):
Event: 10338.048 Thread 0x00007faec2030800 2376       3       java.awt.image.DataBufferInt::<init> (35 bytes)
Event: 10338.048 Thread 0x00007faec2030800 nmethod 2376 0x0000000114cef710 code [0x0000000114cef8e0, 0x0000000114cefe08]
Event: 10376.827 Thread 0x00007faec2030800 2377  s    3       java.util.Hashtable::remove (133 bytes)
Event: 10376.827 Thread 0x00007faec2030800 nmethod 2377 0x0000000114d22190 code [0x0000000114d223a0, 0x0000000114d22cd8]
Event: 10376.834 Thread 0x00007faec2030800 2378       3       java.awt.image.DirectColorModel::createCompatibleWritableRaster (114 bytes)
Event: 10376.835 Thread 0x00007faec2030800 nmethod 2378 0x0000000114d02890 code [0x0000000114d02ac0, 0x0000000114d03128]
Event: 10376.835 Thread 0x00007faec2030800 2379       3       java.awt.image.Raster::createPackedRaster (103 bytes)
Event: 10376.836 Thread 0x00007faec2030800 nmethod 2379 0x0000000114d23f10 code [0x0000000114d24160, 0x0000000114d24a38]
Event: 10376.836 Thread 0x00007faec2030800 2380       3       java.awt.image.Raster::createPackedRaster (181 bytes)
Event: 10376.838 Thread 0x00007faec2030800 nmethod 2380 0x0000000114d5ef90 code [0x0000000114d5f2c0, 0x0000000114d60978]

GC Heap History (10 events):
Event: 10221.700 GC heap before
{Heap before GC invocations=257 (full 0):
 garbage-first heap   total 131072K, used 95265K [0x0000000740000000, 0x0000000740100400, 0x00000007c0000000)
  region size 1024K, 76 young (77824K), 1 survivors (1024K)
 Metaspace       used 15869K, capacity 16804K, committed 17024K, reserved 1064960K
  class space    used 1610K, capacity 1808K, committed 1920K, reserved 1048576K
}
Event: 10221.701 GC heap after
{Heap after GC invocations=258 (full 0):
 garbage-first heap   total 131072K, used 15395K [0x0000000740000000, 0x0000000740100400, 0x00000007c0000000)
  region size 1024K, 1 young (1024K), 1 survivors (1024K)
 Metaspace       used 15869K, capacity 16804K, committed 17024K, reserved 1064960K
  class space    used 1610K, capacity 1808K, committed 1920K, reserved 1048576K
}
Event: 10260.306 GC heap before
{Heap before GC invocations=258 (full 0):
 garbage-first heap   total 131072K, used 95267K [0x0000000740000000, 0x0000000740100400, 0x00000007c0000000)
  region size 1024K, 76 young (77824K), 1 survivors (1024K)
 Metaspace       used 15869K, capacity 16804K, committed 17024K, reserved 1064960K
  class space    used 1610K, capacity 1808K, committed 1920K, reserved 1048576K
}
Event: 10260.307 GC heap after
{Heap after GC invocations=259 (full 0):
 garbage-first heap   total 131072K, used 15397K [0x0000000740000000, 0x0000000740100400, 0x00000007c0000000)
  region size 1024K, 1 young (1024K), 1 survivors (1024K)
 Metaspace       used 15869K, capacity 16804K, committed 17024K, reserved 1064960K
  class space    used 1610K, capacity 1808K, committed 1920K, reserved 1048576K
}
Event: 10299.079 GC heap before
{Heap before GC invocations=259 (full 0):
 garbage-first heap   total 131072K, used 95269K [0x0000000740000000, 0x0000000740100400, 0x00000007c0000000)
  region size 1024K, 76 young (77824K), 1 survivors (1024K)
 Metaspace       used 15872K, capacity 16804K, committed 17024K, reserved 1064960K
  class space    used 1610K, capacity 1808K, committed 1920K, reserved 1048576K
}
Event: 10299.081 GC heap after
{Heap after GC invocations=260 (full 0):
 garbage-first heap   total 131072K, used 15397K [0x0000000740000000, 0x0000000740100400, 0x00000007c0000000)
  region size 1024K, 1 young (1024K), 1 survivors (1024K)
 Metaspace       used 15872K, capacity 16804K, committed 17024K, reserved 1064960K
  class space    used 1610K, capacity 1808K, committed 1920K, reserved 1048576K
}
Event: 10338.044 GC heap before
{Heap before GC invocations=260 (full 0):
 garbage-first heap   total 131072K, used 95269K [0x0000000740000000, 0x0000000740100400, 0x00000007c0000000)
  region size 1024K, 76 young (77824K), 1 survivors (1024K)
 Metaspace       used 15872K, capacity 16804K, committed 17024K, reserved 1064960K
  class space    used 1610K, capacity 1808K, committed 1920K, reserved 1048576K
}
Event: 10338.046 GC heap after
{Heap after GC invocations=261 (full 0):
 garbage-first heap   total 131072K, used 15399K [0x0000000740000000, 0x0000000740100400, 0x00000007c0000000)
  region size 1024K, 1 young (1024K), 1 survivors (1024K)
 Metaspace       used 15872K, capacity 16804K, committed 17024K, reserved 1064960K
  class space    used 1610K, capacity 1808K, committed 1920K, reserved 1048576K
}
Event: 10376.826 GC heap before
{Heap before GC invocations=261 (full 0):
 garbage-first heap   total 131072K, used 95271K [0x0000000740000000, 0x0000000740100400, 0x00000007c0000000)
  region size 1024K, 76 young (77824K), 1 survivors (1024K)
 Metaspace       used 15877K, capacity 16868K, committed 17024K, reserved 1064960K
  class space    used 1610K, capacity 1808K, committed 1920K, reserved 1048576K
}
Event: 10376.826 GC heap after
{Heap after GC invocations=262 (full 0):
 garbage-first heap   total 131072K, used 15399K [0x0000000740000000, 0x0000000740100400, 0x00000007c0000000)
  region size 1024K, 1 young (1024K), 1 survivors (1024K)
 Metaspace       used 15877K, capacity 16868K, committed 17024K, reserved 1064960K
  class space    used 1610K, capacity 1808K, committed 1920K, reserved 1048576K
}

Deoptimization events (10 events):
Event: 5206.187 Thread 0x00007faec2a19800 Uncommon trap: reason=unstable_if action=reinterpret pc=0x000000011c333a8c method=sun.java2d.SurfaceDataProxy.replaceData(Lsun/java2d/SurfaceData;ILsun/java2d/loops/CompositeType;Ljava/awt/Color;)Lsun/java2d/SurfaceData; @ 125 c2
Event: 5206.187 Thread 0x00007faec2a19800 Uncommon trap: reason=unstable_if action=reinterpret pc=0x000000011c32f3d0 method=sun.java2d.loops.RenderCache.get(Lsun/java2d/loops/SurfaceType;Lsun/java2d/loops/CompositeType;Lsun/java2d/loops/SurfaceType;)Ljava/lang/Object; @ 52 c2
Event: 5206.188 Thread 0x00007faec2a19800 Uncommon trap: reason=class_check action=maybe_recompile pc=0x000000011c3f9a90 method=sun.java2d.opengl.OGLGeneralBlit.Blit(Lsun/java2d/SurfaceData;Lsun/java2d/SurfaceData;Ljava/awt/Composite;Lsun/java2d/pipe/Region;IIIIII)V @ 74 c2
Event: 5206.189 Thread 0x00007faec2a19800 Uncommon trap: reason=unstable_if action=reinterpret pc=0x000000011c3c9ecc method=sun.java2d.opengl.OGLBlitLoops.Blit(Lsun/java2d/SurfaceData;Lsun/java2d/SurfaceData;Ljava/awt/Composite;Lsun/java2d/pipe/Region;Ljava/awt/geom/AffineTransform;IIIIIDDDDIZ)V 
Event: 5206.196 Thread 0x00007faec2a19800 Uncommon trap: reason=class_check action=maybe_recompile pc=0x000000011c33d954 method=sun.java2d.pipe.DrawImage.blitSurfaceData(Lsun/java2d/SunGraphics2D;Lsun/java2d/pipe/Region;Lsun/java2d/SurfaceData;Lsun/java2d/SurfaceData;Lsun/java2d/loops/SurfaceType
Event: 5206.196 Thread 0x00007faec2a19800 Uncommon trap: reason=unstable_if action=reinterpret pc=0x000000011c2f1c38 method=sun.java2d.loops.RenderCache.get(Lsun/java2d/loops/SurfaceType;Lsun/java2d/loops/CompositeType;Lsun/java2d/loops/SurfaceType;)Ljava/lang/Object; @ 52 c2
Event: 5206.196 Thread 0x00007faec2a19800 Uncommon trap: reason=unstable_if action=reinterpret pc=0x000000011c2e4288 method=sun.java2d.pipe.BufferedContext.validate(Lsun/java2d/pipe/hw/AccelSurface;Lsun/java2d/pipe/hw/AccelSurface;Lsun/java2d/pipe/Region;Ljava/awt/Composite;Ljava/awt/geom/AffineT
Event: 5206.277 Thread 0x00007faec3800000 Uncommon trap: reason=unstable_if action=reinterpret pc=0x000000011c33f334 method=sun.java2d.loops.RenderCache.get(Lsun/java2d/loops/SurfaceType;Lsun/java2d/loops/CompositeType;Lsun/java2d/loops/SurfaceType;)Ljava/lang/Object; @ 52 c2
Event: 5206.281 Thread 0x00007faec2a19800 Uncommon trap: reason=unstable_if action=reinterpret pc=0x000000011c33a2ac method=sun.java2d.loops.RenderCache.get(Lsun/java2d/loops/SurfaceType;Lsun/java2d/loops/CompositeType;Lsun/java2d/loops/SurfaceType;)Ljava/lang/Object; @ 52 c2
Event: 5206.281 Thread 0x00007faec2a19800 Uncommon trap: reason=unstable_if action=reinterpret pc=0x000000011c3f9bc8 method=sun.java2d.loops.RenderCache.get(Lsun/java2d/loops/SurfaceType;Lsun/java2d/loops/CompositeType;Lsun/java2d/loops/SurfaceType;)Ljava/lang/Object; @ 52 c2

Classes redefined (3 events):
Event: 152.010 Thread 0x00007faec3850800 redefined class name=byog.Core.Game, count=1
Event: 186.369 Thread 0x00007faec3850800 redefined class name=byog.Core.Game, count=2
Event: 370.964 Thread 0x00007faec3850800 redefined class name=byog.Core.Game, count=3

Internal exceptions (10 events):
Event: 2.471 Thread 0x00007faec3800000 Exception <a 'java/lang/NoSuchMethodError'{0x0000000747bd4378}: java.lang.invoke.DirectMethodHandle$Holder.invokeStatic(Ljava/lang/Object;Ljava/lang/Object;Ljava/lang/Object;Ljava/lang/Object;Ljava/lang/Object;Ljava/lang/Object;Ljava/lang/Object;Ljava/lan
Event: 3.613 Thread 0x00007faec3800000 Exception <a 'java/lang/NoSuchMethodError'{0x0000000747afe808}: java.lang.invoke.DirectMethodHandle$Holder.invokeSpecial(Ljava/lang/Object;Ljava/lang/Object;J)V> (0x0000000747afe808) thrown at [/scratch/mesos/slaves/450fa0f5-8733-43f8-b866-79fe3e86d200-S7
Event: 3.614 Thread 0x00007faec3800000 Exception <a 'java/lang/NoSuchMethodError'{0x0000000747904a70}: java.lang.invoke.DirectMethodHandle$Holder.invokeStatic(Ljava/lang/Object;JJ)V> (0x0000000747904a70) thrown at [/scratch/mesos/slaves/450fa0f5-8733-43f8-b866-79fe3e86d200-S756/frameworks/1735
Event: 3.615 Thread 0x00007faec3800000 Exception <a 'java/lang/NoSuchMethodError'{0x0000000747909e80}: java.lang.invoke.DirectMethodHandle$Holder.invokeStatic(Ljava/lang/Object;J)Ljava/lang/Object;> (0x0000000747909e80) thrown at [/scratch/mesos/slaves/450fa0f5-8733-43f8-b866-79fe3e86d200-S756
Event: 3.616 Thread 0x00007faec3800000 Exception <a 'java/lang/NoSuchMethodError'{0x000000074790d7d8}: method resolution failed> (0x000000074790d7d8) thrown at [/scratch/mesos/slaves/450fa0f5-8733-43f8-b866-79fe3e86d200-S756/frameworks/1735e8a2-a1db-478c-8104-60c8b0af87dd-0196/executors/132405
Event: 3.656 Thread 0x00007faec2a19800 Exception <a 'java/lang/NoSuchMethodError'{0x0000000747d25268}: method resolution failed> (0x0000000747d25268) thrown at [/scratch/mesos/slaves/450fa0f5-8733-43f8-b866-79fe3e86d200-S756/frameworks/1735e8a2-a1db-478c-8104-60c8b0af87dd-0196/executors/132405
Event: 3.657 Thread 0x00007faec2a19800 Exception <a 'java/lang/NoSuchMethodError'{0x0000000747d2d998}: java.lang.invoke.DirectMethodHandle$Holder.invokeStatic(Ljava/lang/Object;IILjava/lang/Object;Ljava/lang/Object;Ljava/lang/Object;)Ljava/lang/Object;> (0x0000000747d2d998) thrown at [/scratch
Event: 3.711 Thread 0x00007faec3800000 Implicit null exception at 0x000000011c222daf to 0x000000011c222e1d
Event: 43.566 Thread 0x00007faec3013000 Exception <a 'java/lang/NullPointerException'{0x0000000747f00800}> (0x0000000747f00800) thrown at [/scratch/mesos/slaves/450fa0f5-8733-43f8-b866-79fe3e86d200-S756/frameworks/1735e8a2-a1db-478c-8104-60c8b0af87dd-0196/executors/132405fd-871a-46c3-bcb1-9693a
Event: 43.566 Thread 0x00007faec3013000 Exception <a 'java/lang/NullPointerException'{0x0000000747f00a10}> (0x0000000747f00a10) thrown at [/scratch/mesos/slaves/450fa0f5-8733-43f8-b866-79fe3e86d200-S756/frameworks/1735e8a2-a1db-478c-8104-60c8b0af87dd-0196/executors/132405fd-871a-46c3-bcb1-9693a

Events (10 events):
Event: 10407.430 Executing VM operation: ChangeBreakpoints
Event: 10407.430 Executing VM operation: ChangeBreakpoints done
Event: 10407.430 Executing VM operation: ChangeBreakpoints
Event: 10407.430 Executing VM operation: ChangeBreakpoints done
Event: 10407.430 Executing VM operation: ChangeBreakpoints
Event: 10407.430 Executing VM operation: ChangeBreakpoints done
Event: 10407.430 Executing VM operation: ChangeBreakpoints
Event: 10407.430 Executing VM operation: ChangeBreakpoints done
Event: 10407.433 Thread 0x00007faec2032800 Thread exited: 0x00007faec2032800
Event: 10407.433 Thread 0x00007faec2804000 Thread exited: 0x00007faec2804000


Dynamic libraries:
0x00007fff90d66000 	/System/Library/Frameworks/Cocoa.framework/Versions/A/Cocoa
0x00007fff88b8e000 	/System/Library/Frameworks/Security.framework/Versions/A/Security
0x00007fff92847000 	/System/Library/Frameworks/ApplicationServices.framework/Versions/A/ApplicationServices
0x00007fff9596f000 	/usr/lib/libz.1.dylib
0x00007fff96ee4000 	/usr/lib/libSystem.B.dylib
0x00007fff997f0000 	/System/Library/Frameworks/CoreFoundation.framework/Versions/A/CoreFoundation
0x00007fff9b0a6000 	/System/Library/Frameworks/Foundation.framework/Versions/C/Foundation
0x00007fff95ab7000 	/usr/lib/libobjc.A.dylib
0x00007fff8db20000 	/System/Library/Frameworks/AppKit.framework/Versions/C/AppKit
0x00007fff8866d000 	/System/Library/Frameworks/CoreData.framework/Versions/A/CoreData
0x00007fff96605000 	/System/Library/PrivateFrameworks/RemoteViewServices.framework/Versions/A/RemoteViewServices
0x00007fff96017000 	/System/Library/PrivateFrameworks/UIFoundation.framework/Versions/A/UIFoundation
0x00007fff96817000 	/usr/lib/libScreenReader.dylib
0x00007fff9620d000 	/System/Library/Frameworks/Accelerate.framework/Versions/A/Accelerate
0x00007fff8c374000 	/System/Library/Frameworks/IOSurface.framework/Versions/A/IOSurface
0x00007fff8c1ca000 	/System/Library/Frameworks/AudioToolbox.framework/Versions/A/AudioToolbox
0x00007fff89580000 	/System/Library/Frameworks/AudioUnit.framework/Versions/A/AudioUnit
0x00007fff8a918000 	/System/Library/PrivateFrameworks/DataDetectorsCore.framework/Versions/A/DataDetectorsCore
0x00007fff8bc7b000 	/System/Library/PrivateFrameworks/DesktopServicesPriv.framework/Versions/A/DesktopServicesPriv
0x00007fff8b47f000 	/System/Library/Frameworks/Carbon.framework/Versions/A/Frameworks/HIToolbox.framework/Versions/A/HIToolbox
0x00007fff8b969000 	/System/Library/Frameworks/QuartzCore.framework/Versions/A/QuartzCore
0x00007fff8b778000 	/System/Library/Frameworks/Carbon.framework/Versions/A/Frameworks/SpeechRecognition.framework/Versions/A/SpeechRecognition
0x00007fff87ce0000 	/usr/lib/libauto.dylib
0x00007fff8f815000 	/usr/lib/libicucore.A.dylib
0x00007fff8c0da000 	/usr/lib/libxml2.2.dylib
0x00007fff8d9d5000 	/System/Library/PrivateFrameworks/CoreUI.framework/Versions/A/CoreUI
0x00007fff90ce6000 	/System/Library/Frameworks/CoreAudio.framework/Versions/A/CoreAudio
0x00007fff9a091000 	/System/Library/Frameworks/DiskArbitration.framework/Versions/A/DiskArbitration
0x00007fff9bdf3000 	/usr/lib/liblangid.dylib
0x00007fff8eb3f000 	/System/Library/PrivateFrameworks/MultitouchSupport.framework/Versions/A/MultitouchSupport
0x00007fff8fc50000 	/System/Library/Frameworks/IOKit.framework/Versions/A/IOKit
0x00007fff85d98000 	/usr/lib/libDiagnosticMessagesClient.dylib
0x00007fff8b86f000 	/System/Library/Frameworks/CoreServices.framework/Versions/A/CoreServices
0x00007fff8fa27000 	/System/Library/PrivateFrameworks/PerformanceAnalysis.framework/Versions/A/PerformanceAnalysis
0x00007fff92c59000 	/System/Library/PrivateFrameworks/GenerationalStorage.framework/Versions/A/GenerationalStorage
0x00007fff9620e000 	/System/Library/Frameworks/OpenGL.framework/Versions/A/OpenGL
0x00007fff995ff000 	/System/Library/PrivateFrameworks/Sharing.framework/Versions/A/Sharing
0x00007fff8c473000 	/System/Library/Frameworks/CoreGraphics.framework/Versions/A/CoreGraphics
0x00007fff92614000 	/System/Library/Frameworks/CoreImage.framework/Versions/A/CoreImage
0x00007fff9b88d000 	/System/Library/Frameworks/CoreText.framework/Versions/A/CoreText
0x00007fff8d763000 	/System/Library/Frameworks/ImageIO.framework/Versions/A/ImageIO
0x00007fff99007000 	/System/Library/PrivateFrameworks/Backup.framework/Versions/A/Backup
0x00007fff8eafd000 	/usr/lib/libextension.dylib
0x00007fff9428f000 	/usr/lib/libarchive.2.dylib
0x00007fff91edb000 	/System/Library/Frameworks/CFNetwork.framework/Versions/A/CFNetwork
0x00007fff996b8000 	/System/Library/Frameworks/SystemConfiguration.framework/Versions/A/SystemConfiguration
0x00007fff9958a000 	/usr/lib/libCRFSuite.dylib
0x00007fff9965d000 	/usr/lib/libc++.1.dylib
0x00007fff889e0000 	/usr/lib/libc++abi.dylib
0x00007fff885d1000 	/usr/lib/system/libcache.dylib
0x00007fff9c0da000 	/usr/lib/system/libcommonCrypto.dylib
0x00007fff93fbd000 	/usr/lib/system/libcompiler_rt.dylib
0x00007fff9bdf5000 	/usr/lib/system/libcopyfile.dylib
0x00007fff921ea000 	/usr/lib/system/libcorecrypto.dylib
0x00007fff923f3000 	/usr/lib/system/libdispatch.dylib
0x00007fff965d5000 	/usr/lib/system/libdyld.dylib
0x00007fff979c6000 	/usr/lib/system/libkeymgr.dylib
0x00007fff87ae0000 	/usr/lib/system/liblaunch.dylib
0x00007fff85d92000 	/usr/lib/system/libmacho.dylib
0x00007fff9a098000 	/usr/lib/system/libquarantine.dylib
0x00007fff9965b000 	/usr/lib/system/libremovefile.dylib
0x00007fff88e34000 	/usr/lib/system/libsystem_asl.dylib
0x00007fff89b79000 	/usr/lib/system/libsystem_blocks.dylib
0x00007fff96bfd000 	/usr/lib/system/libsystem_c.dylib
0x00007fff8c371000 	/usr/lib/system/libsystem_configuration.dylib
0x00007fff889dd000 	/usr/lib/system/libsystem_coreservices.dylib
0x00007fff912a6000 	/usr/lib/system/libsystem_coretls.dylib
0x00007fff8ae1b000 	/usr/lib/system/libsystem_dnssd.dylib
0x00007fff96cb9000 	/usr/lib/system/libsystem_info.dylib
0x00007fff9229a000 	/usr/lib/system/libsystem_kernel.dylib
0x00007fff95457000 	/usr/lib/system/libsystem_m.dylib
0x00007fff895ec000 	/usr/lib/system/libsystem_malloc.dylib
0x00007fff8aa9a000 	/usr/lib/system/libsystem_network.dylib
0x00007fff921e1000 	/usr/lib/system/libsystem_networkextension.dylib
0x00007fff92fad000 	/usr/lib/system/libsystem_notify.dylib
0x00007fff8f529000 	/usr/lib/system/libsystem_platform.dylib
0x00007fff91843000 	/usr/lib/system/libsystem_pthread.dylib
0x00007fff962e5000 	/usr/lib/system/libsystem_sandbox.dylib
0x00007fff96ce4000 	/usr/lib/system/libsystem_secinit.dylib
0x00007fff99e20000 	/usr/lib/system/libsystem_trace.dylib
0x00007fff8b777000 	/usr/lib/system/libunc.dylib
0x00007fff8d75d000 	/usr/lib/system/libunwind.dylib
0x00007fff92eae000 	/usr/lib/system/libxpc.dylib
0x00007fff8aa17000 	/usr/lib/libenergytrace.dylib
0x00007fff88e6c000 	/usr/lib/libbsm.0.dylib
0x00007fff8c0b7000 	/usr/lib/system/libkxld.dylib
0x00007fff8aa8b000 	/usr/lib/libxar.1.dylib
0x00007fff9648e000 	/usr/lib/libsqlite3.dylib
0x00007fff892c2000 	/usr/lib/libpam.2.dylib
0x00007fff885e6000 	/usr/lib/libOpenScriptingUtil.dylib
0x00007fff906fe000 	/usr/lib/libbz2.1.0.dylib
0x00007fff96864000 	/usr/lib/liblzma.5.dylib
0x00007fff8808d000 	/System/Library/Frameworks/CoreServices.framework/Versions/A/Frameworks/FSEvents.framework/Versions/A/FSEvents
0x00007fff8aea5000 	/System/Library/Frameworks/CoreServices.framework/Versions/A/Frameworks/CarbonCore.framework/Versions/A/CarbonCore
0x00007fff8d92a000 	/System/Library/Frameworks/CoreServices.framework/Versions/A/Frameworks/Metadata.framework/Versions/A/Metadata
0x00007fff885e7000 	/System/Library/Frameworks/CoreServices.framework/Versions/A/Frameworks/OSServices.framework/Versions/A/OSServices
0x00007fff8a685000 	/System/Library/Frameworks/CoreServices.framework/Versions/A/Frameworks/SearchKit.framework/Versions/A/SearchKit
0x00007fff8b7b2000 	/System/Library/Frameworks/CoreServices.framework/Versions/A/Frameworks/AE.framework/Versions/A/AE
0x00007fff95754000 	/System/Library/Frameworks/CoreServices.framework/Versions/A/Frameworks/LaunchServices.framework/Versions/A/LaunchServices
0x00007fff92c27000 	/System/Library/Frameworks/CoreServices.framework/Versions/A/Frameworks/DictionaryServices.framework/Versions/A/DictionaryServices
0x00007fff9681b000 	/System/Library/Frameworks/CoreServices.framework/Versions/A/Frameworks/SharedFileList.framework/Versions/A/SharedFileList
0x00007fff94039000 	/System/Library/Frameworks/NetFS.framework/Versions/A/NetFS
0x00007fff89f1d000 	/System/Library/PrivateFrameworks/NetAuth.framework/Versions/A/NetAuth
0x00007fff87a90000 	/System/Library/PrivateFrameworks/login.framework/Versions/A/Frameworks/loginsupport.framework/Versions/A/loginsupport
0x00007fff9c338000 	/System/Library/PrivateFrameworks/TCC.framework/Versions/A/TCC
0x00007fff9829c000 	/usr/lib/libmecabra.dylib
0x00007fff99f9a000 	/System/Library/Frameworks/ApplicationServices.framework/Versions/A/Frameworks/ATS.framework/Versions/A/ATS
0x00007fff8ad58000 	/System/Library/Frameworks/ApplicationServices.framework/Versions/A/Frameworks/ColorSync.framework/Versions/A/ColorSync
0x00007fff905fc000 	/System/Library/Frameworks/ApplicationServices.framework/Versions/A/Frameworks/HIServices.framework/Versions/A/HIServices
0x00007fff95a0a000 	/System/Library/Frameworks/ApplicationServices.framework/Versions/A/Frameworks/LangAnalysis.framework/Versions/A/LangAnalysis
0x00007fff87a93000 	/System/Library/Frameworks/ApplicationServices.framework/Versions/A/Frameworks/PrintCore.framework/Versions/A/PrintCore
0x00007fff9949e000 	/System/Library/Frameworks/ApplicationServices.framework/Versions/A/Frameworks/QD.framework/Versions/A/QD
0x00007fff8f234000 	/System/Library/Frameworks/ApplicationServices.framework/Versions/A/Frameworks/SpeechSynthesis.framework/Versions/A/SpeechSynthesis
0x00007fff89b33000 	/System/Library/Frameworks/Metal.framework/Versions/A/Metal
0x00007fff89b7b000 	/System/Library/Frameworks/Accelerate.framework/Versions/A/Frameworks/vImage.framework/Versions/A/vImage
0x00007fff92180000 	/System/Library/Frameworks/Accelerate.framework/Versions/A/Frameworks/vecLib.framework/Versions/A/vecLib
0x00007fff88463000 	/System/Library/Frameworks/Accelerate.framework/Versions/A/Frameworks/vecLib.framework/Versions/A/libvDSP.dylib
0x00007fff9064d000 	/System/Library/Frameworks/Accelerate.framework/Versions/A/Frameworks/vecLib.framework/Versions/A/libvMisc.dylib
0x00007fff85dc3000 	/System/Library/Frameworks/Accelerate.framework/Versions/A/Frameworks/vecLib.framework/Versions/A/libLAPACK.dylib
0x00007fff99e32000 	/System/Library/Frameworks/Accelerate.framework/Versions/A/Frameworks/vecLib.framework/Versions/A/libBLAS.dylib
0x00007fff99573000 	/System/Library/Frameworks/Accelerate.framework/Versions/A/Frameworks/vecLib.framework/Versions/A/libLinearAlgebra.dylib
0x00007fff9b094000 	/System/Library/Frameworks/Accelerate.framework/Versions/A/Frameworks/vecLib.framework/Versions/A/libSparseBLAS.dylib
0x00007fff9a097000 	/System/Library/PrivateFrameworks/GPUCompiler.framework/libmetal_timestamp.dylib
0x00007fff942bb000 	/System/Library/Frameworks/OpenGL.framework/Versions/A/Libraries/libCoreFSCache.dylib
0x00007fff95a01000 	/System/Library/PrivateFrameworks/IOAccelerator.framework/Versions/A/IOAccelerator
0x00007fff95657000 	/System/Library/Frameworks/ApplicationServices.framework/Versions/A/Frameworks/ATS.framework/Versions/A/Resources/libFontParser.dylib
0x00007fff9070d000 	/System/Library/Frameworks/ApplicationServices.framework/Versions/A/Frameworks/ATS.framework/Versions/A/Resources/libFontRegistry.dylib
0x00007fff965b7000 	/System/Library/PrivateFrameworks/AppleVPA.framework/Versions/A/AppleVPA
0x00007fff994e2000 	/System/Library/PrivateFrameworks/AppleJPEG.framework/Versions/A/AppleJPEG
0x00007fff99787000 	/System/Library/Frameworks/ImageIO.framework/Versions/A/Resources/libJPEG.dylib
0x00007fff9621d000 	/System/Library/Frameworks/ImageIO.framework/Versions/A/Resources/libTIFF.dylib
0x00007fff99c92000 	/System/Library/Frameworks/ImageIO.framework/Versions/A/Resources/libPng.dylib
0x00007fff8a346000 	/System/Library/Frameworks/ImageIO.framework/Versions/A/Resources/libGIF.dylib
0x00007fff9788d000 	/System/Library/Frameworks/ImageIO.framework/Versions/A/Resources/libJP2.dylib
0x00007fff99570000 	/System/Library/Frameworks/ImageIO.framework/Versions/A/Resources/libRadiance.dylib
0x00007fff88b59000 	/System/Library/Frameworks/CoreVideo.framework/Versions/A/CoreVideo
0x00007fff8c3ae000 	/System/Library/Frameworks/OpenGL.framework/Versions/A/Libraries/libGLU.dylib
0x00007fff87ae1000 	/System/Library/Frameworks/OpenGL.framework/Versions/A/Libraries/libGFXShared.dylib
0x00007fff8aa78000 	/System/Library/Frameworks/OpenGL.framework/Versions/A/Libraries/libGL.dylib
0x00007fff96a55000 	/System/Library/Frameworks/OpenGL.framework/Versions/A/Libraries/libGLImage.dylib
0x00007fff8e7a0000 	/System/Library/Frameworks/OpenGL.framework/Versions/A/Libraries/libCVMSPluginSupport.dylib
0x00007fff9619c000 	/System/Library/Frameworks/OpenGL.framework/Versions/A/Libraries/libCoreVMClient.dylib
0x00007fff91829000 	/usr/lib/libcompression.dylib
0x00007fff8ea34000 	/usr/lib/libcups.2.dylib
0x00007fff918d3000 	/System/Library/Frameworks/Kerberos.framework/Versions/A/Kerberos
0x00007fff892c7000 	/System/Library/Frameworks/GSS.framework/Versions/A/GSS
0x00007fff9799c000 	/usr/lib/libresolv.9.dylib
0x00007fff8bdf4000 	/usr/lib/libiconv.2.dylib
0x00007fff9af5f000 	/System/Library/PrivateFrameworks/Heimdal.framework/Versions/A/Heimdal
0x00007fff997ac000 	/usr/lib/libheimdal-asn1.dylib
0x00007fff89337000 	/System/Library/Frameworks/OpenDirectory.framework/Versions/A/OpenDirectory
0x00007fff8d9cb000 	/System/Library/PrivateFrameworks/CommonAuth.framework/Versions/A/CommonAuth
0x00007fff87d7f000 	/System/Library/Frameworks/OpenDirectory.framework/Versions/A/Frameworks/CFOpenDirectory.framework/Versions/A/CFOpenDirectory
0x00007fff90753000 	/System/Library/Frameworks/SecurityFoundation.framework/Versions/A/SecurityFoundation
0x00007fff9be02000 	/System/Library/PrivateFrameworks/LanguageModeling.framework/Versions/A/LanguageModeling
0x00007fff8b857000 	/usr/lib/libmarisa.dylib
0x00007fff9a085000 	/usr/lib/libChineseTokenizer.dylib
0x00007fff8fc3b000 	/usr/lib/libcmph.dylib
0x00007fff88406000 	/System/Library/Frameworks/ServiceManagement.framework/Versions/A/ServiceManagement
0x00007fff88035000 	/usr/lib/libxslt.1.dylib
0x00007fff966b3000 	/System/Library/Frameworks/Carbon.framework/Versions/A/Frameworks/Ink.framework/Versions/A/Ink
0x00007fff8b206000 	/usr/lib/libFosl_dynamic.dylib
0x00007fff907e1000 	/System/Library/PrivateFrameworks/FaceCore.framework/Versions/A/FaceCore
0x00007fff90c93000 	/System/Library/Frameworks/OpenCL.framework/Versions/A/OpenCL
0x00007fff99c75000 	/System/Library/PrivateFrameworks/CrashReporterSupport.framework/Versions/A/CrashReporterSupport
0x00007fff91850000 	/System/Library/PrivateFrameworks/IconServices.framework/Versions/A/IconServices
0x00007fff993e0000 	/System/Library/PrivateFrameworks/Apple80211.framework/Versions/A/Apple80211
0x00007fff87c55000 	/System/Library/Frameworks/CoreWLAN.framework/Versions/A/CoreWLAN
0x00007fff8e98f000 	/System/Library/Frameworks/IOBluetooth.framework/Versions/A/IOBluetooth
0x00007fff89584000 	/System/Library/PrivateFrameworks/CoreWiFi.framework/Versions/A/CoreWiFi
0x00007fff8bc67000 	/System/Library/Frameworks/CoreBluetooth.framework/Versions/A/CoreBluetooth
0x00007fff92e86000 	/System/Library/PrivateFrameworks/ChunkingLibrary.framework/Versions/A/ChunkingLibrary
0x00007fff88992000 	/System/Library/PrivateFrameworks/DebugSymbols.framework/Versions/A/DebugSymbols
0x00007fff89f28000 	/System/Library/PrivateFrameworks/CoreSymbolication.framework/Versions/A/CoreSymbolication
0x00007fff954d2000 	/System/Library/PrivateFrameworks/Symbolication.framework/Versions/A/Symbolication
0x00007fff979b9000 	/System/Library/PrivateFrameworks/SpeechRecognitionCore.framework/Versions/A/SpeechRecognitionCore
0x00000001089eb000 	/Library/Java/JavaVirtualMachines/jdk-9.0.4.jdk/Contents/Home/lib/server/libjvm.dylib
0x00007fff87c06000 	/usr/lib/libstdc++.6.dylib
0x0000000109692000 	/Library/Java/JavaVirtualMachines/jdk-9.0.4.jdk/Contents/Home/lib/libverify.dylib
0x000000010969f000 	/Library/Java/JavaVirtualMachines/jdk-9.0.4.jdk/Contents/Home/lib/libjava.dylib
0x00000001096d5000 	/Library/Java/JavaVirtualMachines/jdk-9.0.4.jdk/Contents/Home/lib/libjdwp.dylib
0x0000000109712000 	/Library/Java/JavaVirtualMachines/jdk-9.0.4.jdk/Contents/Home/lib/libinstrument.dylib
0x0000000109767000 	/Library/Java/JavaVirtualMachines/jdk-9.0.4.jdk/Contents/Home/lib/libzip.dylib
0x000000010976f000 	/Library/Java/JavaVirtualMachines/jdk-9.0.4.jdk/Contents/Home/lib/libjimage.dylib
0x00000001097cf000 	/Library/Java/JavaVirtualMachines/jdk-9.0.4.jdk/Contents/Home/lib/libnio.dylib
0x00000001097df000 	/Library/Java/JavaVirtualMachines/jdk-9.0.4.jdk/Contents/Home/lib/./libnet.dylib
0x00000001097f6000 	/Library/Java/JavaVirtualMachines/jdk-9.0.4.jdk/Contents/Home/lib/libdt_socket.dylib
0x000000012bb21000 	/Library/Java/JavaVirtualMachines/jdk-9.0.4.jdk/Contents/Home/lib/libawt.dylib
0x000000012bbc6000 	/Library/Java/JavaVirtualMachines/jdk-9.0.4.jdk/Contents/Home/lib/./libmlib_image.dylib
0x000000012bc34000 	/System/Library/Frameworks/JavaVM.framework/Versions/A/Frameworks/JavaNativeFoundation.framework/Versions/A/JavaNativeFoundation
0x000000012bc49000 	/System/Library/Frameworks/JavaVM.framework/Versions/A/Frameworks/JavaRuntimeSupport.framework/Versions/A/JavaRuntimeSupport
0x000000012bc64000 	/System/Library/Frameworks/JavaVM.framework/Versions/A/JavaVM
0x000000012bc71000 	/System/Library/PrivateFrameworks/JavaLaunching.framework/Versions/A/JavaLaunching
0x00007fff92c57000 	/System/Library/Frameworks/Carbon.framework/Versions/A/Carbon
0x00007fff99656000 	/System/Library/Frameworks/Carbon.framework/Versions/A/Frameworks/CommonPanels.framework/Versions/A/CommonPanels
0x00007fff921dd000 	/System/Library/Frameworks/Carbon.framework/Versions/A/Frameworks/Help.framework/Versions/A/Help
0x00007fff88914000 	/System/Library/Frameworks/Carbon.framework/Versions/A/Frameworks/ImageCapture.framework/Versions/A/ImageCapture
0x00007fff9401f000 	/System/Library/Frameworks/Carbon.framework/Versions/A/Frameworks/OpenScripting.framework/Versions/A/OpenScripting
0x00007fff9beaa000 	/System/Library/Frameworks/Carbon.framework/Versions/A/Frameworks/Print.framework/Versions/A/Print
0x00007fff9184d000 	/System/Library/Frameworks/Carbon.framework/Versions/A/Frameworks/SecurityHI.framework/Versions/A/SecurityHI
0x000000012bc7d000 	/Library/Java/JavaVirtualMachines/jdk-9.0.4.jdk/Contents/Home/lib/libawt_lwawt.dylib
0x000000012bd3d000 	/Library/Java/JavaVirtualMachines/jdk-9.0.4.jdk/Contents/Home/lib/./libosxapp.dylib
0x00007fff90ce3000 	/System/Library/Frameworks/ExceptionHandling.framework/Versions/A/ExceptionHandling
0x000000012bf81000 	/Library/Java/JavaVirtualMachines/jdk-9.0.4.jdk/Contents/Home/lib/libfontmanager.dylib
0x00007fff89308000 	/System/Library/PrivateFrameworks/CoreServicesInternal.framework/Versions/A/CoreServicesInternal
0x00007fff9690e000 	/System/Library/Frameworks/CoreGraphics.framework/Versions/A/Resources/libRIP.A.dylib
0x00007fff8c067000 	/System/Library/Frameworks/Accelerate.framework/Versions/A/Frameworks/vImage.framework/Versions/A/Libraries/libCGInterfaces.dylib
0x00007fff8bee7000 	/System/Library/Frameworks/CoreGraphics.framework/Versions/A/Resources/libCGXType.A.dylib
0x00007fff8b1fd000 	/System/Library/Frameworks/OpenCL.framework/Versions/A/Libraries/libcldcpuengine.dylib
0x00007fff96ad6000 	/System/Library/PrivateFrameworks/DiskImages.framework/Versions/A/DiskImages
0x00007fff9afd9000 	/System/Library/Frameworks/DiscRecording.framework/Versions/A/DiscRecording
0x00007fff8a004000 	/usr/lib/libcsfde.dylib
0x00007fff8a61d000 	/usr/lib/libcurl.4.dylib
0x00007fff8954c000 	/System/Library/PrivateFrameworks/MediaKit.framework/Versions/A/MediaKit
0x00007fff86ed6000 	/System/Library/PrivateFrameworks/ProtectedCloudStorage.framework/Versions/A/ProtectedCloudStorage
0x00007fff912be000 	/usr/lib/libCoreStorage.dylib
0x00007fff8ea86000 	/System/Library/PrivateFrameworks/EFILogin.framework/Versions/A/EFILogin
0x00007fff99c72000 	/usr/lib/libutil.dylib
0x00007fff88663000 	/System/Library/PrivateFrameworks/FindMyDevice.framework/Versions/A/FindMyDevice
0x00007fff92262000 	/System/Library/Frameworks/LDAP.framework/Versions/A/LDAP
0x00007fff8a60a000 	/usr/lib/libsasl2.2.dylib
0x00007fff8ae86000 	/System/Library/PrivateFrameworks/CoreDaemon.framework/Versions/B/CoreDaemon
0x00007fff97acf000 	/usr/lib/libcrypto.0.9.8.dylib
0x00007fff8f6cb000 	/System/Library/PrivateFrameworks/AppleSRP.framework/Versions/A/AppleSRP
0x00007fff95a08000 	/System/Library/PrivateFrameworks/TrustEvaluationAgent.framework/Versions/A/TrustEvaluationAgent
0x000000012f038000 	cl_kernels
0x00007fff979d1000 	/System/Library/Frameworks/OpenCL.framework/Versions/A/Libraries/ImageFormats/unorm8_bgra.dylib
0x00007fff8bb38000 	/System/Library/Frameworks/OpenCL.framework/Versions/A/Libraries/ImageFormats/unorm8_rgba.dylib
0x00007fff9c179000 	/System/Library/Frameworks/OpenGL.framework/Versions/A/Resources/GLEngine.bundle/GLEngine
0x00007fff893bf000 	/System/Library/Frameworks/OpenGL.framework/Versions/A/Libraries/libGLProgrammability.dylib
0x0000000130055000 	/System/Library/Extensions/AppleIntelBDWGraphicsGLDriver.bundle/Contents/MacOS/AppleIntelBDWGraphicsGLDriver
0x00007fff8b808000 	/System/Library/PrivateFrameworks/GPUSupport.framework/Versions/A/Libraries/libGPUSupportMercury.dylib
0x00007fff8adef000 	/System/Library/Frameworks/OpenGL.framework/Versions/A/Resources/GLRendererFloat.bundle/GLRendererFloat
0x0000000131219000 	/Library/Java/JavaVirtualMachines/jdk-9.0.4.jdk/Contents/Home/lib/libosxui.dylib
0x0000000132a0a000 	/System/Library/Extensions/AppleIntelBDWGraphicsMTLDriver.bundle/Contents/MacOS/AppleIntelBDWGraphicsMTLDriver
0x00007fff8b77f000 	/System/Library/Frameworks/ApplicationServices.framework/Versions/A/Frameworks/ATS.framework/Versions/A/Resources/libTrueTypeScaler.dylib

VM Arguments:
jvm_args: -agentlib:jdwp=transport=dt_socket,address=127.0.0.1:52605,suspend=y,server=n -javaagent:/Users/ellathames/Library/Caches/IdeaIC2017.3/captureAgent/debugger-agent.jar=/private/var/folders/n4/v4l_dfvs7kd6535r6_l0z9dm0000gn/T/capture.props -Dfile.encoding=UTF-8 
java_command: byog.Core.Main n97976986123s
java_class_path (initial): /Users/ellathames/Documents/cs61b/sp18-proj2-bwd-bjk/proj2/out/production/proj2:/Users/ellathames/Documents/cs61b/sp18-bjk/library-sp18/javalib/algs4.jar:/Users/ellathames/Documents/cs61b/sp18-bjk/library-sp18/javalib/jh61b.jar:/Users/ellathames/Documents/cs61b/sp18-bjk/library-sp18/javalib/stdlib.jar:/Users/ellathames/Documents/cs61b/sp18-bjk/library-sp18/javalib/junit-4.12.jar:/Users/ellathames/Documents/cs61b/sp18-bjk/library-sp18/javalib/stdlib-package.jar:/Users/ellathames/Documents/cs61b/sp18-bjk/library-sp18/javalib/hamcrest-core-1.3.jar:/Applications/IntelliJ IDEA CE.app/Contents/lib/idea_rt.jar
Launcher Type: SUN_STANDARD

Logging:
Log output configuration:
#0: stdout all=warning uptime,level,tags
#1: stderr all=off uptime,level,tags

Environment Variables:
PATH=/Users/ellathames/anaconda3/bin:/Library/Frameworks/Python.framework/Versions/3.6/bin:/Users/ellathames/anaconda/bin:/usr/local/bin:/usr/bin:/bin:/usr/sbin:/sbin
SHELL=/bin/bash

Signal Handlers:
SIGSEGV: [libjvm.dylib+0x73f3dc], sa_mask[0]=11111111011111110111111111111111, sa_flags=SA_ONSTACK|SA_RESTART|SA_SIGINFO
SIGBUS: [libjvm.dylib+0x73f3dc], sa_mask[0]=11111111011111110111111111111111, sa_flags=SA_RESTART|SA_SIGINFO
SIGFPE: [libjvm.dylib+0x73f3dc], sa_mask[0]=11111111011111110111111111111111, sa_flags=SA_RESTART|SA_SIGINFO
SIGPIPE: [libjvm.dylib+0x5f233c], sa_mask[0]=11111111011111110111111111111111, sa_flags=SA_RESTART|SA_SIGINFO
SIGXFSZ: [libjvm.dylib+0x5f233c], sa_mask[0]=11111111011111110111111111111111, sa_flags=SA_RESTART|SA_SIGINFO
SIGILL: [libjvm.dylib+0x73f3dc], sa_mask[0]=11111111011111110111111111111111, sa_flags=SA_RESTART|SA_SIGINFO
SIGUSR2: [libjvm.dylib+0x5f2bcc], sa_mask[0]=00100000000000000000000000000000, sa_flags=SA_RESTART|SA_SIGINFO
SIGHUP: [libjvm.dylib+0x5f1409], sa_mask[0]=11111111011111110111111111111111, sa_flags=SA_RESTART|SA_SIGINFO
SIGINT: [libjvm.dylib+0x5f1409], sa_mask[0]=11111111011111110111111111111111, sa_flags=SA_RESTART|SA_SIGINFO
SIGTERM: [libjvm.dylib+0x5f1409], sa_mask[0]=11111111011111110111111111111111, sa_flags=SA_RESTART|SA_SIGINFO
SIGQUIT: [libjvm.dylib+0x5f1409], sa_mask[0]=11111111011111110111111111111111, sa_flags=SA_RESTART|SA_SIGINFO


---------------  S Y S T E M  ---------------

OS:uname:Darwin 15.6.0 Darwin Kernel Version 15.6.0: Thu Jun 23 18:25:34 PDT 2016; root:xnu-3248.60.10~1/RELEASE_X86_64 x86_64
rlimit: STACK 8192k, CORE 0k, NPROC 709, NOFILE 10240, AS infinity
load average:5.99 5.51 4.87

CPU:total 4 (initial active 4) (2 cores per cpu, 2 threads per core) family 6 model 61 stepping 4, cmov, cx8, fxsr, mmx, sse, sse2, sse3, ssse3, sse4.1, sse4.2, popcnt, avx, avx2, aes, clmul, erms, 3dnowpref, lzcnt, ht, tsc, tscinvbit, bmi1, bmi2, adx, fma

Memory: 4k page, physical 8388608k(36620k free)

vm_info: Java HotSpot(TM) 64-Bit Server VM (9.0.4+11) for bsd-amd64 JRE (9.0.4+11), built on Dec 20 2017 02:08:50 by "mach5one" with gcc 4.2.1 Compatible Apple LLVM 6.1.0 (clang-602.0.49)

END.
