#
# A fatal error has been detected by the Java Runtime Environment:
#
#  SIGSEGV (0xb) at pc=0x0000000102884889, pid=75412, tid=6147
#
# JRE version: Java(TM) SE Runtime Environment (9.0+11) (build 9.0.4+11)
# Java VM: Java HotSpot(TM) 64-Bit Server VM (9.0.4+11, mixed mode, tiered, compressed oops, g1 gc, bsd-amd64)
# Problematic frame:
# V  [libjvm.dylib+0x684889]  SignatureIterator::expect(char)+0x11
#
# No core dump will be written. Core dumps have been disabled. To enable core dumping, try "ulimit -c unlimited" before starting Java again
#
# If you would like to submit a bug report, please visit:
#   http://bugreport.java.com/bugreport/crash.jsp
#

---------------  S U M M A R Y ------------

Command Line: -agentlib:jdwp=transport=dt_socket,address=127.0.0.1:52614,suspend=y,server=n -javaagent:/Users/ellathames/Library/Caches/IdeaIC2017.3/captureAgent/debugger-agent.jar=/private/var/folders/n4/v4l_dfvs7kd6535r6_l0z9dm0000gn/T/capture.props -Dfile.encoding=UTF-8 byog.Core.Main n97976986123s

Host: MacBookAir7,2 x86_64 1600 MHz, 4 cores, 8G, Darwin 15.6.0
Time: Thu Mar  1 13:15:28 2018 PST elapsed time: 10286 seconds (0d 2h 51m 26s)

---------------  T H R E A D  ---------------

Current thread (0x00007ffd0a801800):  JavaThread "main" [_thread_in_vm, id=6147, stack(0x000070000011a000,0x000070000021a000)]

Stack: [0x000070000011a000,0x000070000021a000],  sp=0x0000700000219660,  free space=1021k
Native frames: (J=compiled Java code, A=aot compiled Java code, j=interpreted, Vv=VM code, C=native code)
V  [libjvm.dylib+0x684889]  SignatureIterator::expect(char)+0x11
V  [libjvm.dylib+0x684c27]  SignatureIterator::iterate_parameters()+0x1b
V  [libjvm.dylib+0x2ec629]  frame::interpreter_callee_receiver_addr(Symbol*)+0x43
V  [libjvm.dylib+0x39b314]  InterpreterRuntime::resolve_invoke(JavaThread*, Bytecodes::Code)+0xfc
V  [libjvm.dylib+0x39b9c5]  InterpreterRuntime::resolve_from_cache(JavaThread*, Bytecodes::Code)+0x3d
j  byog.Core.Game.getMovement()V+201
j  byog.Core.Game.playWithKeyboard()V+129
j  byog.Core.Main.main([Ljava/lang/String;)V+9
v  ~StubRoutines::call_stub
V  [libjvm.dylib+0x3a33ed]  JavaCalls::call_helper(JavaValue*, methodHandle const&, JavaCallArguments*, Thread*)+0x2b5
V  [libjvm.dylib+0x3dc859]  jni_invoke_static(JNIEnv_*, JavaValue*, _jobject*, JNICallType, _jmethodID*, JNI_ArgumentPusher*, Thread*)+0x12d
V  [libjvm.dylib+0x3df207]  jni_CallStaticVoidMethod+0x18d
C  [java+0x4dfa]  JavaMain+0xb8d
C  [libsystem_pthread.dylib+0x399d]  _pthread_body+0x83
C  [libsystem_pthread.dylib+0x391a]  _pthread_body+0x0
C  [libsystem_pthread.dylib+0x1351]  thread_start+0xd
C  0x0000000000000000

Java frames: (J=compiled Java code, j=interpreted, Vv=VM code)
j  byog.Core.Game.getMovement()V+201
j  byog.Core.Game.playWithKeyboard()V+129
j  byog.Core.Main.main([Ljava/lang/String;)V+9
v  ~StubRoutines::call_stub

siginfo: si_signo: 11 (SIGSEGV), si_code: 1 (SEGV_MAPERR), si_addr: 0x0000000000000006

Register to memory mapping:

RAX=0x0000000000000000 is an unknown value
RBX=0x00007000002196a8 is pointing into the stack for thread: 0x00007ffd0a801800
RCX=0x0000000000000000 is an unknown value
RDX=0x000000010d5f3000 is an unknown value
RSP=0x0000700000219660 is pointing into the stack for thread: 0x00007ffd0a801800
RBP=0x0000700000219670 is pointing into the stack for thread: 0x00007ffd0a801800
RSI=0x0000000000000028 is an unknown value
RDI=0x00007000002196a8 is pointing into the stack for thread: 0x00007ffd0a801800
R8 =0x00000000e801a438 is an unknown value
R9 =0x0000000000000000 is an unknown value
R10=0x0000000000000000 is an unknown value
R11=0x0000000000000064 is an unknown value
R12=0x7200c14256f3ca46 is an unknown value
R13=0x00000000000000b6 is an unknown value
R14=0x00007000002196a8 is pointing into the stack for thread: 0x00007ffd0a801800
R15=0x0000700000219758 is pointing into the stack for thread: 0x00007ffd0a801800


Registers:
RAX=0x0000000000000000, RBX=0x00007000002196a8, RCX=0x0000000000000000, RDX=0x000000010d5f3000
RSP=0x0000700000219660, RBP=0x0000700000219670, RSI=0x0000000000000028, RDI=0x00007000002196a8
R8 =0x00000000e801a438, R9 =0x0000000000000000, R10=0x0000000000000000, R11=0x0000000000000064
R12=0x7200c14256f3ca46, R13=0x00000000000000b6, R14=0x00007000002196a8, R15=0x0000700000219758
RIP=0x0000000102884889, EFLAGS=0x0000000000010206, ERR=0x0000000000000004
  TRAPNO=0x000000000000000e

Top of Stack: (sp=0x0000700000219660)
0x0000700000219660:   0000000102ae96a0 00007000002196a8
0x0000700000219670:   0000700000219690 0000000102884c27
0x0000700000219680:   0000000102ae96a0 0000700000219758
0x0000700000219690:   00007000002196e0 00000001024ec629
0x00007000002196a0:   00007000002196c0 0000000102ae96a0
0x00007000002196b0:   0000000000000000 0000000000000000
0x00007000002196c0:   0000000000000063 0000000100000000
0x00007000002196d0:   00007ffd0a801800 0000000000000000
0x00007000002196e0:   0000700000219840 000000010259b314
0x00007000002196f0:   0000000000000000 000000012449d0eb
0x0000700000219700:   0000700000219860 000000010269cef2
0x0000700000219710:   00000000fffffffd 00007ffd0a801800
0x0000700000219720:   00007ffd0a801800 000000020a801800
0x0000700000219730:   000000012449d0eb 000000012449d158
0x0000700000219740:   00007ffd0a801800 00007ffd0a801800
0x0000700000219750:   00007ffd0a801a18 0000700000219878
0x0000700000219760:   000000010d625d92 000000010d5fb710
0x0000700000219770:   0000000000000000 00007000002198e8
0x0000700000219780:   0000700000219878 000000012449d119
0x0000700000219790:   00007ffd000000b6 000000012449d158
0x00007000002197a0:   00007ffd0a801800 000000012449d158
0x00007000002197b0:   00007ffd0a801800 000000012449d158
0x00007000002197c0:   00007ffd08f00630 00007ffd08f00660
0x00007000002197d0:   00007ffd08f00670 00007ffd08f00a48
0x00007000002197e0:   00000000000003d8 00000000000003d8
0x00007000002197f0:   00007ffd0a801800 00007ffd0a801800
0x0000700000219800:   00007ffd08f00a50 00007ffd08f00a90
0x0000700000219810:   7200c14256f3ca46 00000000000000b6
0x0000700000219820:   0000000000000000 000000012449d119
0x0000700000219830:   00007000002198f8 00007ffd0a801800
0x0000700000219840:   0000700000219860 000000010259b9c5
0x0000700000219850:   00007ffd0a801800 00007ffd0a801800 

Instructions: (pc=0x0000000102884889)
0x0000000102884869:   07 48 89 77 08 c7 47 14 00 00 00 00 5d c3 90 55
0x0000000102884879:   48 89 e5 53 50 48 89 fb 48 8b 4b 08 48 63 43 10
0x0000000102884889:   0f b6 4c 01 06 40 0f b6 d6 39 d1 74 26 40 0f be
0x0000000102884899:   ce 48 8d 3d b5 d5 14 00 48 8d 15 b1 d6 14 00 be 


---------------  P R O C E S S  ---------------

Java Threads: ( => current thread )
  0x00007ffd09a01800 JavaThread "AWT-EventQueue-0" [_thread_blocked, id=1811, stack(0x0000700002100000,0x0000700002200000)]
  0x00007ffd099c4000 JavaThread "Java2D Disposer" daemon [_thread_blocked, id=58899, stack(0x0000700001ffd000,0x00007000020fd000)]
  0x00007ffd09193800 JavaThread "Java2D Queue Flusher" daemon [_thread_blocked, id=48955, stack(0x0000700001efa000,0x0000700001ffa000)]
  0x00007ffd090c5000 JavaThread "AWT-Shutdown" [_thread_blocked, id=34867, stack(0x0000700001d74000,0x0000700001e74000)]
  0x00007ffd0aa01800 JavaThread "AppKit Thread" daemon [_thread_in_native, id=2571, stack(0x00007fff5ddda000,0x00007fff5e5da000)]
  0x00007ffd0a92b800 JavaThread "Service Thread" daemon [_thread_blocked, id=26115, stack(0x00007000019e5000,0x0000700001ae5000)]
  0x00007ffd0906c000 JavaThread "JDWP Event Helper Thread" daemon [_thread_blocked, id=25091, stack(0x00007000017df000,0x00007000018df000)]
  0x00007ffd09814000 JavaThread "Common-Cleaner" daemon [_thread_blocked, id=24067, stack(0x00007000015d9000,0x00007000016d9000)]
  0x00007ffd0a8cc800 JavaThread "Sweeper thread" daemon [_thread_blocked, id=23555, stack(0x00007000014d6000,0x00007000015d6000)]
  0x00007ffd0a8cb800 JavaThread "C1 CompilerThread2" daemon [_thread_blocked, id=23043, stack(0x00007000013d3000,0x00007000014d3000)]
  0x00007ffd09829000 JavaThread "C2 CompilerThread1" daemon [_thread_blocked, id=22531, stack(0x00007000012d0000,0x00007000013d0000)]
  0x00007ffd0a873000 JavaThread "C2 CompilerThread0" daemon [_thread_blocked, id=22019, stack(0x00007000011cd000,0x00007000012cd000)]
  0x00007ffd0a871800 JavaThread "Signal Dispatcher" daemon [_thread_blocked, id=19219, stack(0x00007000010ca000,0x00007000011ca000)]
  0x00007ffd0a005800 JavaThread "Finalizer" daemon [_thread_blocked, id=17411, stack(0x0000700000f44000,0x0000700001044000)]
  0x00007ffd09037000 JavaThread "Reference Handler" daemon [_thread_blocked, id=16899, stack(0x0000700000e41000,0x0000700000f41000)]
=>0x00007ffd0a801800 JavaThread "main" [_thread_in_vm, id=6147, stack(0x000070000011a000,0x000070000021a000)]

Other Threads:
  0x00007ffd0a86f800 VMThread "VM Thread" [stack: 0x0000700000d3e000,0x0000700000e3e000] [id=16387]
  0x00007ffd09005800 WatcherThread [stack: 0x0000700001ae8000,0x0000700001be8000] [id=26627]
  0x00007ffd0980a000 GCTaskThread "GC Thread#0" [stack: 0x000070000021d000,0x000070000031d000] [id=10243]
  0x00007ffd0980b000 GCTaskThread "GC Thread#1" [stack: 0x0000700000320000,0x0000700000420000] [id=10755]
  0x00007ffd0a001800 GCTaskThread "GC Thread#2" [stack: 0x0000700000423000,0x0000700000523000] [id=11267]
  0x00007ffd0a024000 GCTaskThread "GC Thread#3" [stack: 0x0000700000526000,0x0000700000626000] [id=11779]
  0x00007ffd0a031800 ConcurrentGCThread "G1 Main Marker" [stack: 0x0000700000b38000,0x0000700000c38000] [id=14851]
  0x00007ffd0a032000 ConcurrentGCThread "G1 Marker#0" [stack: 0x0000700000c3b000,0x0000700000d3b000] [id=15875]
  0x00007ffd0a80a800 ConcurrentGCThread "G1 Refine#0" [stack: 0x0000700000932000,0x0000700000a32000] [id=13827]
  0x00007ffd0a026800 ConcurrentGCThread "G1 Refine#1" [stack: 0x000070000082f000,0x000070000092f000] [id=13315]
  0x00007ffd0a025800 ConcurrentGCThread "G1 Refine#2" [stack: 0x000070000072c000,0x000070000082c000] [id=12803]
  0x00007ffd0a025000 ConcurrentGCThread "G1 Refine#3" [stack: 0x0000700000629000,0x0000700000729000] [id=12291]
  0x00007ffd0a80b000 ConcurrentGCThread "G1 Young RemSet Sampling" [stack: 0x0000700000a35000,0x0000700000b35000] [id=14339]

Threads with active compile tasks:

VM state:not at safepoint (normal execution)

VM Mutex/Monitor currently owned by a thread: None

Heap address: 0x0000000740000000, size: 2048 MB, Compressed Oops mode: Zero based, Oop shift amount: 3
Narrow klass base: 0x0000000000000000, Narrow klass shift: 3
Compressed class space size: 1073741824 Address: 0x00000007c0000000

Heap:
 garbage-first heap   total 131072K, used 32855K [0x0000000740000000, 0x0000000740100400, 0x00000007c0000000)
  region size 1024K, 16 young (16384K), 1 survivors (1024K)
 Metaspace       used 15717K, capacity 16610K, committed 16768K, reserved 1064960K
  class space    used 1609K, capacity 1807K, committed 1920K, reserved 1048576K
Heap Regions: E=young(eden), S=young(survivor), O=old, HS=humongous(starts), HC=humongous(continues), CS=collection set, F=free, A=archive, TS=gc time stamp, AC=allocation context, TAMS=top-at-mark-start (previous, next)
|   0|0x0000000740000000, 0x0000000740100000, 0x0000000740100000|100%| O|  |TS 31|AC  0|TAMS 0x0000000740000000, 0x0000000740000000|
|   1|0x0000000740100000, 0x0000000740200000, 0x0000000740200000|100%| O|  |TS 33|AC  0|TAMS 0x0000000740100000, 0x0000000740100000|
|   2|0x0000000740200000, 0x0000000740300000, 0x0000000740300000|100%|HS|  |TS  0|AC  0|TAMS 0x0000000740200000, 0x0000000740200000|
|   3|0x0000000740300000, 0x0000000740400000, 0x0000000740400000|100%|HC|  |TS  0|AC  0|TAMS 0x0000000740300000, 0x0000000740300000|
|   4|0x0000000740400000, 0x0000000740500000, 0x0000000740500000|100%| O|  |TS 31|AC  0|TAMS 0x0000000740400000, 0x0000000740400000|
|   5|0x0000000740500000, 0x0000000740600000, 0x0000000740600000|100%| O|  |TS 49|AC  0|TAMS 0x0000000740500000, 0x0000000740500000|
|   6|0x0000000740600000, 0x0000000740614c00, 0x0000000740700000|  8%| O|  |TS517|AC  0|TAMS 0x0000000740600000, 0x0000000740600000|
|   7|0x0000000740700000, 0x0000000740800000, 0x0000000740800000|100%|HS|  |TS  0|AC  0|TAMS 0x0000000740700000, 0x0000000740700000|
|   8|0x0000000740800000, 0x0000000740900000, 0x0000000740900000|100%|HC|  |TS  0|AC  0|TAMS 0x0000000740800000, 0x0000000740800000|
|   9|0x0000000740900000, 0x0000000740a00000, 0x0000000740a00000|100%|HC|  |TS  0|AC  0|TAMS 0x0000000740900000, 0x0000000740900000|
|  10|0x0000000740a00000, 0x0000000740b00000, 0x0000000740b00000|100%|HS|  |TS  0|AC  0|TAMS 0x0000000740a00000, 0x0000000740a00000|
|  11|0x0000000740b00000, 0x0000000740c00000, 0x0000000740c00000|100%|HC|  |TS  0|AC  0|TAMS 0x0000000740b00000, 0x0000000740b00000|
|  12|0x0000000740c00000, 0x0000000740d00000, 0x0000000740d00000|100%|HC|  |TS  0|AC  0|TAMS 0x0000000740c00000, 0x0000000740c00000|
|  13|0x0000000740d00000, 0x0000000740e00000, 0x0000000740e00000|100%|HS|  |TS515|AC  0|TAMS 0x0000000740d00000, 0x0000000740d00000|
|  14|0x0000000740e00000, 0x0000000740f00000, 0x0000000740f00000|100%|HC|  |TS515|AC  0|TAMS 0x0000000740e00000, 0x0000000740e00000|
|  15|0x0000000740f00000, 0x0000000741000000, 0x0000000741000000|100%|HC|  |TS515|AC  0|TAMS 0x0000000740f00000, 0x0000000740f00000|
|  16|0x0000000741000000, 0x0000000741100000, 0x0000000741100000|100%|HS|  |TS517|AC  0|TAMS 0x0000000741000000, 0x0000000741000000|
|  17|0x0000000741100000, 0x0000000741200000, 0x0000000741200000|100%|HC|  |TS517|AC  0|TAMS 0x0000000741100000, 0x0000000741100000|
|  18|0x0000000741200000, 0x0000000741300000, 0x0000000741300000|100%|HC|  |TS517|AC  0|TAMS 0x0000000741200000, 0x0000000741200000|
|  19|0x0000000741300000, 0x0000000741300000, 0x0000000741400000|  0%| F|  |TS293|AC  0|TAMS 0x0000000741300000, 0x0000000741300000|
|  20|0x0000000741400000, 0x0000000741400000, 0x0000000741500000|  0%| F|  |TS293|AC  0|TAMS 0x0000000741400000, 0x0000000741400000|
|  21|0x0000000741500000, 0x0000000741500000, 0x0000000741600000|  0%| F|  |TS293|AC  0|TAMS 0x0000000741500000, 0x0000000741500000|
|  22|0x0000000741600000, 0x0000000741600000, 0x0000000741700000|  0%| F|  |TS  0|AC  0|TAMS 0x0000000741600000, 0x0000000741600000|
|  23|0x0000000741700000, 0x0000000741700000, 0x0000000741800000|  0%| F|  |TS  0|AC  0|TAMS 0x0000000741700000, 0x0000000741700000|
|  24|0x0000000741800000, 0x0000000741800000, 0x0000000741900000|  0%| F|  |TS  0|AC  0|TAMS 0x0000000741800000, 0x0000000741800000|
|  25|0x0000000741900000, 0x0000000741900000, 0x0000000741a00000|  0%| F|  |TS  0|AC  0|TAMS 0x0000000741900000, 0x0000000741900000|
|  26|0x0000000741a00000, 0x0000000741a00000, 0x0000000741b00000|  0%| F|  |TS  0|AC  0|TAMS 0x0000000741a00000, 0x0000000741a00000|
|  27|0x0000000741b00000, 0x0000000741b00000, 0x0000000741c00000|  0%| F|  |TS  0|AC  0|TAMS 0x0000000741b00000, 0x0000000741b00000|
|  28|0x0000000741c00000, 0x0000000741c00000, 0x0000000741d00000|  0%| F|  |TS  0|AC  0|TAMS 0x0000000741c00000, 0x0000000741c00000|
|  29|0x0000000741d00000, 0x0000000741d00000, 0x0000000741e00000|  0%| F|  |TS  0|AC  0|TAMS 0x0000000741d00000, 0x0000000741d00000|
|  30|0x0000000741e00000, 0x0000000741e00000, 0x0000000741f00000|  0%| F|  |TS  0|AC  0|TAMS 0x0000000741e00000, 0x0000000741e00000|
|  31|0x0000000741f00000, 0x0000000741f00000, 0x0000000742000000|  0%| F|  |TS  0|AC  0|TAMS 0x0000000741f00000, 0x0000000741f00000|
|  32|0x0000000742000000, 0x0000000742000000, 0x0000000742100000|  0%| F|  |TS  0|AC  0|TAMS 0x0000000742000000, 0x0000000742000000|
|  33|0x0000000742100000, 0x0000000742100000, 0x0000000742200000|  0%| F|  |TS  0|AC  0|TAMS 0x0000000742100000, 0x0000000742100000|
|  34|0x0000000742200000, 0x0000000742200000, 0x0000000742300000|  0%| F|  |TS  0|AC  0|TAMS 0x0000000742200000, 0x0000000742200000|
|  35|0x0000000742300000, 0x0000000742300000, 0x0000000742400000|  0%| F|  |TS  0|AC  0|TAMS 0x0000000742300000, 0x0000000742300000|
|  36|0x0000000742400000, 0x0000000742400000, 0x0000000742500000|  0%| F|  |TS  0|AC  0|TAMS 0x0000000742400000, 0x0000000742400000|
|  37|0x0000000742500000, 0x0000000742500000, 0x0000000742600000|  0%| F|  |TS  0|AC  0|TAMS 0x0000000742500000, 0x0000000742500000|
|  38|0x0000000742600000, 0x0000000742600000, 0x0000000742700000|  0%| F|  |TS  0|AC  0|TAMS 0x0000000742600000, 0x0000000742600000|
|  39|0x0000000742700000, 0x0000000742700000, 0x0000000742800000|  0%| F|  |TS  0|AC  0|TAMS 0x0000000742700000, 0x0000000742700000|
|  40|0x0000000742800000, 0x0000000742800000, 0x0000000742900000|  0%| F|  |TS  0|AC  0|TAMS 0x0000000742800000, 0x0000000742800000|
|  41|0x0000000742900000, 0x0000000742900000, 0x0000000742a00000|  0%| F|  |TS  0|AC  0|TAMS 0x0000000742900000, 0x0000000742900000|
|  42|0x0000000742a00000, 0x0000000742a00000, 0x0000000742b00000|  0%| F|  |TS  0|AC  0|TAMS 0x0000000742a00000, 0x0000000742a00000|
|  43|0x0000000742b00000, 0x0000000742b00000, 0x0000000742c00000|  0%| F|  |TS  0|AC  0|TAMS 0x0000000742b00000, 0x0000000742b00000|
|  44|0x0000000742c00000, 0x0000000742c00000, 0x0000000742d00000|  0%| F|  |TS  0|AC  0|TAMS 0x0000000742c00000, 0x0000000742c00000|
|  45|0x0000000742d00000, 0x0000000742d00000, 0x0000000742e00000|  0%| F|  |TS  0|AC  0|TAMS 0x0000000742d00000, 0x0000000742d00000|
|  46|0x0000000742e00000, 0x0000000742e00000, 0x0000000742f00000|  0%| F|  |TS  0|AC  0|TAMS 0x0000000742e00000, 0x0000000742e00000|
|  47|0x0000000742f00000, 0x0000000742f00000, 0x0000000743000000|  0%| F|  |TS  0|AC  0|TAMS 0x0000000742f00000, 0x0000000742f00000|
|  48|0x0000000743000000, 0x0000000743000000, 0x0000000743100000|  0%| F|  |TS 29|AC  0|TAMS 0x0000000743000000, 0x0000000743000000|
|  49|0x0000000743100000, 0x0000000743100000, 0x0000000743200000|  0%| F|  |TS 29|AC  0|TAMS 0x0000000743100000, 0x0000000743100000|
|  50|0x0000000743200000, 0x0000000743200000, 0x0000000743300000|  0%| F|  |TS305|AC  0|TAMS 0x0000000743200000, 0x0000000743200000|
|  51|0x0000000743300000, 0x0000000743300000, 0x0000000743400000|  0%| F|  |TS517|AC  0|TAMS 0x0000000743300000, 0x0000000743300000|
|  52|0x0000000743400000, 0x0000000743401020, 0x0000000743500000|  0%| S|CS|TS517|AC  0|TAMS 0x0000000743400000, 0x0000000743400000|
|  53|0x0000000743500000, 0x0000000743500000, 0x0000000743600000|  0%| F|  |TS517|AC  0|TAMS 0x0000000743500000, 0x0000000743500000|
|  54|0x0000000743600000, 0x0000000743600000, 0x0000000743700000|  0%| F|  |TS517|AC  0|TAMS 0x0000000743600000, 0x0000000743600000|
|  55|0x0000000743700000, 0x0000000743700000, 0x0000000743800000|  0%| F|  |TS517|AC  0|TAMS 0x0000000743700000, 0x0000000743700000|
|  56|0x0000000743800000, 0x0000000743800000, 0x0000000743900000|  0%| F|  |TS517|AC  0|TAMS 0x0000000743800000, 0x0000000743800000|
|  57|0x0000000743900000, 0x0000000743900000, 0x0000000743a00000|  0%| F|  |TS517|AC  0|TAMS 0x0000000743900000, 0x0000000743900000|
|  58|0x0000000743a00000, 0x0000000743a00000, 0x0000000743b00000|  0%| F|  |TS517|AC  0|TAMS 0x0000000743a00000, 0x0000000743a00000|
|  59|0x0000000743b00000, 0x0000000743b00000, 0x0000000743c00000|  0%| F|  |TS517|AC  0|TAMS 0x0000000743b00000, 0x0000000743b00000|
|  60|0x0000000743c00000, 0x0000000743c00000, 0x0000000743d00000|  0%| F|  |TS517|AC  0|TAMS 0x0000000743c00000, 0x0000000743c00000|
|  61|0x0000000743d00000, 0x0000000743d00000, 0x0000000743e00000|  0%| F|  |TS517|AC  0|TAMS 0x0000000743d00000, 0x0000000743d00000|
|  62|0x0000000743e00000, 0x0000000743e00000, 0x0000000743f00000|  0%| F|  |TS517|AC  0|TAMS 0x0000000743e00000, 0x0000000743e00000|
|  63|0x0000000743f00000, 0x0000000743f00000, 0x0000000744000000|  0%| F|  |TS517|AC  0|TAMS 0x0000000743f00000, 0x0000000743f00000|
|  64|0x0000000744000000, 0x0000000744000000, 0x0000000744100000|  0%| F|  |TS517|AC  0|TAMS 0x0000000744000000, 0x0000000744000000|
|  65|0x0000000744100000, 0x0000000744100000, 0x0000000744200000|  0%| F|  |TS517|AC  0|TAMS 0x0000000744100000, 0x0000000744100000|
|  66|0x0000000744200000, 0x0000000744200000, 0x0000000744300000|  0%| F|  |TS517|AC  0|TAMS 0x0000000744200000, 0x0000000744200000|
|  67|0x0000000744300000, 0x0000000744300000, 0x0000000744400000|  0%| F|  |TS517|AC  0|TAMS 0x0000000744300000, 0x0000000744300000|
|  68|0x0000000744400000, 0x0000000744400000, 0x0000000744500000|  0%| F|  |TS517|AC  0|TAMS 0x0000000744400000, 0x0000000744400000|
|  69|0x0000000744500000, 0x0000000744500000, 0x0000000744600000|  0%| F|  |TS517|AC  0|TAMS 0x0000000744500000, 0x0000000744500000|
|  70|0x0000000744600000, 0x0000000744600000, 0x0000000744700000|  0%| F|  |TS517|AC  0|TAMS 0x0000000744600000, 0x0000000744600000|
|  71|0x0000000744700000, 0x0000000744700000, 0x0000000744800000|  0%| F|  |TS517|AC  0|TAMS 0x0000000744700000, 0x0000000744700000|
|  72|0x0000000744800000, 0x0000000744800000, 0x0000000744900000|  0%| F|  |TS517|AC  0|TAMS 0x0000000744800000, 0x0000000744800000|
|  73|0x0000000744900000, 0x0000000744900000, 0x0000000744a00000|  0%| F|  |TS517|AC  0|TAMS 0x0000000744900000, 0x0000000744900000|
|  74|0x0000000744a00000, 0x0000000744a00000, 0x0000000744b00000|  0%| F|  |TS517|AC  0|TAMS 0x0000000744a00000, 0x0000000744a00000|
|  75|0x0000000744b00000, 0x0000000744b00000, 0x0000000744c00000|  0%| F|  |TS517|AC  0|TAMS 0x0000000744b00000, 0x0000000744b00000|
|  76|0x0000000744c00000, 0x0000000744c00000, 0x0000000744d00000|  0%| F|  |TS517|AC  0|TAMS 0x0000000744c00000, 0x0000000744c00000|
|  77|0x0000000744d00000, 0x0000000744d00000, 0x0000000744e00000|  0%| F|  |TS517|AC  0|TAMS 0x0000000744d00000, 0x0000000744d00000|
|  78|0x0000000744e00000, 0x0000000744e00000, 0x0000000744f00000|  0%| F|  |TS517|AC  0|TAMS 0x0000000744e00000, 0x0000000744e00000|
|  79|0x0000000744f00000, 0x0000000744f00000, 0x0000000745000000|  0%| F|  |TS517|AC  0|TAMS 0x0000000744f00000, 0x0000000744f00000|
|  80|0x0000000745000000, 0x0000000745000000, 0x0000000745100000|  0%| F|  |TS517|AC  0|TAMS 0x0000000745000000, 0x0000000745000000|
|  81|0x0000000745100000, 0x0000000745100000, 0x0000000745200000|  0%| F|  |TS517|AC  0|TAMS 0x0000000745100000, 0x0000000745100000|
|  82|0x0000000745200000, 0x0000000745200000, 0x0000000745300000|  0%| F|  |TS517|AC  0|TAMS 0x0000000745200000, 0x0000000745200000|
|  83|0x0000000745300000, 0x0000000745300000, 0x0000000745400000|  0%| F|  |TS517|AC  0|TAMS 0x0000000745300000, 0x0000000745300000|
|  84|0x0000000745400000, 0x0000000745400000, 0x0000000745500000|  0%| F|  |TS517|AC  0|TAMS 0x0000000745400000, 0x0000000745400000|
|  85|0x0000000745500000, 0x0000000745500000, 0x0000000745600000|  0%| F|  |TS517|AC  0|TAMS 0x0000000745500000, 0x0000000745500000|
|  86|0x0000000745600000, 0x0000000745600000, 0x0000000745700000|  0%| F|  |TS517|AC  0|TAMS 0x0000000745600000, 0x0000000745600000|
|  87|0x0000000745700000, 0x0000000745700000, 0x0000000745800000|  0%| F|  |TS517|AC  0|TAMS 0x0000000745700000, 0x0000000745700000|
|  88|0x0000000745800000, 0x0000000745800000, 0x0000000745900000|  0%| F|  |TS517|AC  0|TAMS 0x0000000745800000, 0x0000000745800000|
|  89|0x0000000745900000, 0x0000000745900000, 0x0000000745a00000|  0%| F|  |TS517|AC  0|TAMS 0x0000000745900000, 0x0000000745900000|
|  90|0x0000000745a00000, 0x0000000745a00000, 0x0000000745b00000|  0%| F|  |TS517|AC  0|TAMS 0x0000000745a00000, 0x0000000745a00000|
|  91|0x0000000745b00000, 0x0000000745b00000, 0x0000000745c00000|  0%| F|  |TS517|AC  0|TAMS 0x0000000745b00000, 0x0000000745b00000|
|  92|0x0000000745c00000, 0x0000000745c00000, 0x0000000745d00000|  0%| F|  |TS517|AC  0|TAMS 0x0000000745c00000, 0x0000000745c00000|
|  93|0x0000000745d00000, 0x0000000745d00000, 0x0000000745e00000|  0%| F|  |TS517|AC  0|TAMS 0x0000000745d00000, 0x0000000745d00000|
|  94|0x0000000745e00000, 0x0000000745e00000, 0x0000000745f00000|  0%| F|  |TS517|AC  0|TAMS 0x0000000745e00000, 0x0000000745e00000|
|  95|0x0000000745f00000, 0x0000000745f00000, 0x0000000746000000|  0%| F|  |TS517|AC  0|TAMS 0x0000000745f00000, 0x0000000745f00000|
|  96|0x0000000746000000, 0x0000000746000000, 0x0000000746100000|  0%| F|  |TS517|AC  0|TAMS 0x0000000746000000, 0x0000000746000000|
|  97|0x0000000746100000, 0x0000000746100000, 0x0000000746200000|  0%| F|  |TS517|AC  0|TAMS 0x0000000746100000, 0x0000000746100000|
|  98|0x0000000746200000, 0x0000000746200000, 0x0000000746300000|  0%| F|  |TS517|AC  0|TAMS 0x0000000746200000, 0x0000000746200000|
|  99|0x0000000746300000, 0x0000000746300000, 0x0000000746400000|  0%| F|  |TS517|AC  0|TAMS 0x0000000746300000, 0x0000000746300000|
| 100|0x0000000746400000, 0x0000000746400000, 0x0000000746500000|  0%| F|  |TS517|AC  0|TAMS 0x0000000746400000, 0x0000000746400000|
| 101|0x0000000746500000, 0x0000000746500000, 0x0000000746600000|  0%| F|  |TS517|AC  0|TAMS 0x0000000746500000, 0x0000000746500000|
| 102|0x0000000746600000, 0x0000000746600000, 0x0000000746700000|  0%| F|  |TS517|AC  0|TAMS 0x0000000746600000, 0x0000000746600000|
| 103|0x0000000746700000, 0x0000000746700000, 0x0000000746800000|  0%| F|  |TS517|AC  0|TAMS 0x0000000746700000, 0x0000000746700000|
| 104|0x0000000746800000, 0x0000000746800000, 0x0000000746900000|  0%| F|  |TS517|AC  0|TAMS 0x0000000746800000, 0x0000000746800000|
| 105|0x0000000746900000, 0x0000000746900000, 0x0000000746a00000|  0%| F|  |TS517|AC  0|TAMS 0x0000000746900000, 0x0000000746900000|
| 106|0x0000000746a00000, 0x0000000746a00000, 0x0000000746b00000|  0%| F|  |TS517|AC  0|TAMS 0x0000000746a00000, 0x0000000746a00000|
| 107|0x0000000746b00000, 0x0000000746b00000, 0x0000000746c00000|  0%| F|  |TS517|AC  0|TAMS 0x0000000746b00000, 0x0000000746b00000|
| 108|0x0000000746c00000, 0x0000000746c00000, 0x0000000746d00000|  0%| F|  |TS517|AC  0|TAMS 0x0000000746c00000, 0x0000000746c00000|
| 109|0x0000000746d00000, 0x0000000746d00000, 0x0000000746e00000|  0%| F|  |TS517|AC  0|TAMS 0x0000000746d00000, 0x0000000746d00000|
| 110|0x0000000746e00000, 0x0000000746e00000, 0x0000000746f00000|  0%| F|  |TS517|AC  0|TAMS 0x0000000746e00000, 0x0000000746e00000|
| 111|0x0000000746f00000, 0x0000000746f00000, 0x0000000747000000|  0%| F|  |TS517|AC  0|TAMS 0x0000000746f00000, 0x0000000746f00000|
| 112|0x0000000747000000, 0x0000000747000000, 0x0000000747100000|  0%| F|  |TS517|AC  0|TAMS 0x0000000747000000, 0x0000000747000000|
| 113|0x0000000747100000, 0x00000007471ebcc0, 0x0000000747200000| 92%| E|  |TS517|AC  0|TAMS 0x0000000747100000, 0x0000000747100000|
| 114|0x0000000747200000, 0x0000000747300000, 0x0000000747300000|100%| E|CS|TS517|AC  0|TAMS 0x0000000747200000, 0x0000000747200000|
| 115|0x0000000747300000, 0x0000000747400000, 0x0000000747400000|100%| E|CS|TS517|AC  0|TAMS 0x0000000747300000, 0x0000000747300000|
| 116|0x0000000747400000, 0x0000000747500000, 0x0000000747500000|100%| E|CS|TS517|AC  0|TAMS 0x0000000747400000, 0x0000000747400000|
| 117|0x0000000747500000, 0x0000000747600000, 0x0000000747600000|100%| E|CS|TS517|AC  0|TAMS 0x0000000747500000, 0x0000000747500000|
| 118|0x0000000747600000, 0x0000000747700000, 0x0000000747700000|100%| E|CS|TS517|AC  0|TAMS 0x0000000747600000, 0x0000000747600000|
| 119|0x0000000747700000, 0x0000000747800000, 0x0000000747800000|100%| E|CS|TS517|AC  0|TAMS 0x0000000747700000, 0x0000000747700000|
| 120|0x0000000747800000, 0x0000000747900000, 0x0000000747900000|100%| E|CS|TS517|AC  0|TAMS 0x0000000747800000, 0x0000000747800000|
| 121|0x0000000747900000, 0x0000000747a00000, 0x0000000747a00000|100%| E|CS|TS517|AC  0|TAMS 0x0000000747900000, 0x0000000747900000|
| 122|0x0000000747a00000, 0x0000000747b00000, 0x0000000747b00000|100%| E|CS|TS517|AC  0|TAMS 0x0000000747a00000, 0x0000000747a00000|
| 123|0x0000000747b00000, 0x0000000747c00000, 0x0000000747c00000|100%| E|CS|TS517|AC  0|TAMS 0x0000000747b00000, 0x0000000747b00000|
| 124|0x0000000747c00000, 0x0000000747d00000, 0x0000000747d00000|100%| E|CS|TS517|AC  0|TAMS 0x0000000747c00000, 0x0000000747c00000|
| 125|0x0000000747d00000, 0x0000000747e00000, 0x0000000747e00000|100%| E|CS|TS517|AC  0|TAMS 0x0000000747d00000, 0x0000000747d00000|
| 126|0x0000000747e00000, 0x0000000747f00000, 0x0000000747f00000|100%| E|CS|TS517|AC  0|TAMS 0x0000000747e00000, 0x0000000747e00000|
| 127|0x0000000747f00000, 0x0000000748000000, 0x0000000748000000|100%| E|CS|TS517|AC  0|TAMS 0x0000000747f00000, 0x0000000747f00000|

Card table byte_map: [0x000000011d3c9000,0x000000011d7c9000] byte_map_base: 0x00000001199c9000

Marking Bits (Prev, Next): (CMBitMap*) 0x00007ffd0a030a70, (CMBitMap*) 0x00007ffd0a030aa8
 Prev Bits: [0x000000011dbc9000, 0x000000011fbc9000)
 Next Bits: [0x000000011fbc9000, 0x0000000121bc9000)

Polling page: 0x00000001018e2000

CodeHeap 'non-profiled nmethods': size=120032Kb used=2095Kb max_used=2104Kb free=117936Kb
 bounds [0x00000001150bb000, 0x000000011532b000, 0x000000011c5f3000]
CodeHeap 'profiled nmethods': size=120032Kb used=2963Kb max_used=4355Kb free=117068Kb
 bounds [0x000000010db83000, 0x000000010dfd3000, 0x00000001150bb000]
CodeHeap 'non-nmethods': size=5696Kb used=1354Kb max_used=1404Kb free=4341Kb
 bounds [0x000000010d5f3000, 0x000000010d863000, 0x000000010db83000]
 total_blobs=3734 nmethods=1880 adapters=523
 compilation: enabled

Compilation events (10 events):
Event: 9981.192 Thread 0x00007ffd0a8cb800 2297       3       sun.java2d.StateTrackableDelegate::createInstance (80 bytes)
Event: 9981.193 Thread 0x00007ffd0a8cb800 nmethod 2297 0x000000010db90690 code [0x000000010db908a0, 0x000000010db90ee8]
Event: 10019.379 Thread 0x00007ffd0a8cb800 2298       3       sun.java2d.SurfaceData::<init> (36 bytes)
Event: 10019.380 Thread 0x00007ffd0a8cb800 nmethod 2298 0x000000010db91d10 code [0x000000010db91ee0, 0x000000010db922f0]
Event: 10057.818 Thread 0x00007ffd0a8cb800 2299       3       sun.java2d.Disposer::addRecord (17 bytes)
Event: 10057.819 Thread 0x00007ffd0a8cb800 nmethod 2299 0x000000010db91710 code [0x000000010db918e0, 0x000000010db91ba8]
Event: 10057.819 Thread 0x00007ffd0a8cb800 2300       3       sun.java2d.DefaultDisposerRecord::<init> (15 bytes)
Event: 10057.820 Thread 0x00007ffd0a8cb800 nmethod 2300 0x000000010db83010 code [0x000000010db831c0, 0x000000010db83370]
Event: 10135.110 Thread 0x00007ffd0a8cb800 2301       3       java.awt.Image::<init> (11 bytes)
Event: 10135.110 Thread 0x00007ffd0a8cb800 nmethod 2301 0x000000010db8aa10 code [0x000000010db8abc0, 0x000000010db8ad70]

GC Heap History (10 events):
Event: 10096.328 GC heap before
{Heap before GC invocations=254 (full 0):
 garbage-first heap   total 131072K, used 95323K [0x0000000740000000, 0x0000000740100400, 0x00000007c0000000)
  region size 1024K, 76 young (77824K), 1 survivors (1024K)
 Metaspace       used 15716K, capacity 16610K, committed 16768K, reserved 1064960K
  class space    used 1609K, capacity 1807K, committed 1920K, reserved 1048576K
}
Event: 10096.329 GC heap after
{Heap after GC invocations=255 (full 0):
 garbage-first heap   total 131072K, used 15453K [0x0000000740000000, 0x0000000740100400, 0x00000007c0000000)
  region size 1024K, 1 young (1024K), 1 survivors (1024K)
 Metaspace       used 15716K, capacity 16610K, committed 16768K, reserved 1064960K
  class space    used 1609K, capacity 1807K, committed 1920K, reserved 1048576K
}
Event: 10135.105 GC heap before
{Heap before GC invocations=255 (full 0):
 garbage-first heap   total 131072K, used 95325K [0x0000000740000000, 0x0000000740100400, 0x00000007c0000000)
  region size 1024K, 76 young (77824K), 1 survivors (1024K)
 Metaspace       used 15716K, capacity 16610K, committed 16768K, reserved 1064960K
  class space    used 1609K, capacity 1807K, committed 1920K, reserved 1048576K
}
Event: 10135.105 GC heap after
{Heap after GC invocations=256 (full 0):
 garbage-first heap   total 131072K, used 15451K [0x0000000740000000, 0x0000000740100400, 0x00000007c0000000)
  region size 1024K, 1 young (1024K), 1 survivors (1024K)
 Metaspace       used 15716K, capacity 16610K, committed 16768K, reserved 1064960K
  class space    used 1609K, capacity 1807K, committed 1920K, reserved 1048576K
}
Event: 10173.883 GC heap before
{Heap before GC invocations=256 (full 0):
 garbage-first heap   total 131072K, used 95323K [0x0000000740000000, 0x0000000740100400, 0x00000007c0000000)
  region size 1024K, 76 young (77824K), 1 survivors (1024K)
 Metaspace       used 15716K, capacity 16610K, committed 16768K, reserved 1064960K
  class space    used 1609K, capacity 1807K, committed 1920K, reserved 1048576K
}
Event: 10173.884 GC heap after
{Heap after GC invocations=257 (full 0):
 garbage-first heap   total 131072K, used 15449K [0x0000000740000000, 0x0000000740100400, 0x00000007c0000000)
  region size 1024K, 1 young (1024K), 1 survivors (1024K)
 Metaspace       used 15716K, capacity 16610K, committed 16768K, reserved 1064960K
  class space    used 1609K, capacity 1807K, committed 1920K, reserved 1048576K
}
Event: 10212.868 GC heap before
{Heap before GC invocations=257 (full 0):
 garbage-first heap   total 131072K, used 95321K [0x0000000740000000, 0x0000000740100400, 0x00000007c0000000)
  region size 1024K, 76 young (77824K), 1 survivors (1024K)
 Metaspace       used 15717K, capacity 16610K, committed 16768K, reserved 1064960K
  class space    used 1609K, capacity 1807K, committed 1920K, reserved 1048576K
}
Event: 10212.869 GC heap after
{Heap after GC invocations=258 (full 0):
 garbage-first heap   total 131072K, used 15451K [0x0000000740000000, 0x0000000740100400, 0x00000007c0000000)
  region size 1024K, 1 young (1024K), 1 survivors (1024K)
 Metaspace       used 15717K, capacity 16610K, committed 16768K, reserved 1064960K
  class space    used 1609K, capacity 1807K, committed 1920K, reserved 1048576K
}
Event: 10251.690 GC heap before
{Heap before GC invocations=258 (full 0):
 garbage-first heap   total 131072K, used 95323K [0x0000000740000000, 0x0000000740100400, 0x00000007c0000000)
  region size 1024K, 76 young (77824K), 1 survivors (1024K)
 Metaspace       used 15717K, capacity 16610K, committed 16768K, reserved 1064960K
  class space    used 1609K, capacity 1807K, committed 1920K, reserved 1048576K
}
Event: 10251.703 GC heap after
{Heap after GC invocations=259 (full 0):
 garbage-first heap   total 131072K, used 15447K [0x0000000740000000, 0x0000000740100400, 0x00000007c0000000)
  region size 1024K, 1 young (1024K), 1 survivors (1024K)
 Metaspace       used 15717K, capacity 16610K, committed 16768K, reserved 1064960K
  class space    used 1609K, capacity 1807K, committed 1920K, reserved 1048576K
}

Deoptimization events (10 events):
Event: 3881.957 Thread 0x00007ffd09193800 Uncommon trap: reason=unstable_if action=reinterpret pc=0x00000001152bd0b0 method=sun.java2d.opengl.OGLRenderQueue$QueueFlusher.run()V @ 34 c2
Event: 5837.279 Thread 0x00007ffd09a01800 Uncommon trap: reason=unstable_if action=reinterpret pc=0x00000001151d318c method=sun.java2d.SurfaceDataProxy.replaceData(Lsun/java2d/SurfaceData;ILsun/java2d/loops/CompositeType;Ljava/awt/Color;)Lsun/java2d/SurfaceData; @ 125 c2
Event: 5837.280 Thread 0x00007ffd09a01800 Uncommon trap: reason=unstable_if action=reinterpret pc=0x00000001151c2eac method=sun.java2d.loops.RenderCache.get(Lsun/java2d/loops/SurfaceType;Lsun/java2d/loops/CompositeType;Lsun/java2d/loops/SurfaceType;)Ljava/lang/Object; @ 52 c2
Event: 5837.285 Thread 0x00007ffd09a01800 Uncommon trap: reason=class_check action=maybe_recompile pc=0x00000001152b859c method=sun.java2d.opengl.OGLGeneralBlit.Blit(Lsun/java2d/SurfaceData;Lsun/java2d/SurfaceData;Ljava/awt/Composite;Lsun/java2d/pipe/Region;IIIIII)V @ 74 c2
Event: 5837.285 Thread 0x00007ffd09a01800 Uncommon trap: reason=unstable_if action=reinterpret pc=0x000000011527cd68 method=sun.java2d.opengl.OGLBlitLoops.Blit(Lsun/java2d/SurfaceData;Lsun/java2d/SurfaceData;Ljava/awt/Composite;Lsun/java2d/pipe/Region;Ljava/awt/geom/AffineTransform;IIIIIDDDDIZ)V 
Event: 5837.293 Thread 0x00007ffd09a01800 Uncommon trap: reason=class_check action=maybe_recompile pc=0x00000001151db0bc method=sun.java2d.pipe.DrawImage.blitSurfaceData(Lsun/java2d/SunGraphics2D;Lsun/java2d/pipe/Region;Lsun/java2d/SurfaceData;Lsun/java2d/SurfaceData;Lsun/java2d/loops/SurfaceType
Event: 5837.293 Thread 0x00007ffd09a01800 Uncommon trap: reason=unstable_if action=reinterpret pc=0x00000001151a08b8 method=sun.java2d.loops.RenderCache.get(Lsun/java2d/loops/SurfaceType;Lsun/java2d/loops/CompositeType;Lsun/java2d/loops/SurfaceType;)Ljava/lang/Object; @ 52 c2
Event: 5837.293 Thread 0x00007ffd09a01800 Uncommon trap: reason=unstable_if action=reinterpret pc=0x00000001152166d4 method=sun.java2d.pipe.BufferedContext.validate(Lsun/java2d/pipe/hw/AccelSurface;Lsun/java2d/pipe/hw/AccelSurface;Lsun/java2d/pipe/Region;Ljava/awt/Composite;Ljava/awt/geom/AffineT
Event: 5837.415 Thread 0x00007ffd0a801800 Uncommon trap: reason=unstable_if action=reinterpret pc=0x00000001151dcc04 method=sun.java2d.loops.RenderCache.get(Lsun/java2d/loops/SurfaceType;Lsun/java2d/loops/CompositeType;Lsun/java2d/loops/SurfaceType;)Ljava/lang/Object; @ 52 c2
Event: 5837.417 Thread 0x00007ffd09a01800 Uncommon trap: reason=unstable_if action=reinterpret pc=0x00000001152b872c method=sun.java2d.loops.RenderCache.get(Lsun/java2d/loops/SurfaceType;Lsun/java2d/loops/CompositeType;Lsun/java2d/loops/SurfaceType;)Ljava/lang/Object; @ 52 c2

Classes redefined (2 events):
Event: 64.936 Thread 0x00007ffd0a86f800 redefined class name=byog.Core.Game, count=1
Event: 249.548 Thread 0x00007ffd0a86f800 redefined class name=byog.Core.Game, count=2

Internal exceptions (10 events):
Event: 2.214 Thread 0x00007ffd09a01800 Exception <a 'java/lang/NoSuchMethodError'{0x0000000747ba62a8}: java.lang.invoke.DirectMethodHandle$Holder.invokeStatic(Ljava/lang/Object;Ljava/lang/Object;Ljava/lang/Object;Ljava/lang/Object;Ljava/lang/Object;Ljava/lang/Object;Ljava/lang/Object;Ljava/lan
Event: 3.761 Thread 0x00007ffd0a801800 Exception <a 'java/lang/NoSuchMethodError'{0x0000000747e67fd0}: java.lang.invoke.DirectMethodHandle$Holder.invokeSpecial(Ljava/lang/Object;Ljava/lang/Object;J)V> (0x0000000747e67fd0) thrown at [/scratch/mesos/slaves/450fa0f5-8733-43f8-b866-79fe3e86d200-S7
Event: 3.762 Thread 0x00007ffd0a801800 Exception <a 'java/lang/NoSuchMethodError'{0x0000000747e6dc10}: java.lang.invoke.DirectMethodHandle$Holder.invokeStatic(Ljava/lang/Object;JJ)V> (0x0000000747e6dc10) thrown at [/scratch/mesos/slaves/450fa0f5-8733-43f8-b866-79fe3e86d200-S756/frameworks/1735
Event: 3.763 Thread 0x00007ffd0a801800 Exception <a 'java/lang/NoSuchMethodError'{0x0000000747e73020}: java.lang.invoke.DirectMethodHandle$Holder.invokeStatic(Ljava/lang/Object;J)Ljava/lang/Object;> (0x0000000747e73020) thrown at [/scratch/mesos/slaves/450fa0f5-8733-43f8-b866-79fe3e86d200-S756
Event: 3.764 Thread 0x00007ffd0a801800 Exception <a 'java/lang/NoSuchMethodError'{0x0000000747e76978}: method resolution failed> (0x0000000747e76978) thrown at [/scratch/mesos/slaves/450fa0f5-8733-43f8-b866-79fe3e86d200-S756/frameworks/1735e8a2-a1db-478c-8104-60c8b0af87dd-0196/executors/132405
Event: 3.797 Thread 0x00007ffd09a01800 Exception <a 'java/lang/NoSuchMethodError'{0x0000000747adcbc8}: method resolution failed> (0x0000000747adcbc8) thrown at [/scratch/mesos/slaves/450fa0f5-8733-43f8-b866-79fe3e86d200-S756/frameworks/1735e8a2-a1db-478c-8104-60c8b0af87dd-0196/executors/132405
Event: 3.802 Thread 0x00007ffd09a01800 Exception <a 'java/lang/NoSuchMethodError'{0x0000000747ae52f8}: java.lang.invoke.DirectMethodHandle$Holder.invokeStatic(Ljava/lang/Object;IILjava/lang/Object;Ljava/lang/Object;Ljava/lang/Object;)Ljava/lang/Object;> (0x0000000747ae52f8) thrown at [/scratch
Event: 43.855 Thread 0x00007ffd0a005800 Exception <a 'java/lang/NullPointerException'{0x0000000747f80800}> (0x0000000747f80800) thrown at [/scratch/mesos/slaves/450fa0f5-8733-43f8-b866-79fe3e86d200-S756/frameworks/1735e8a2-a1db-478c-8104-60c8b0af87dd-0196/executors/132405fd-871a-46c3-bcb1-9693a
Event: 43.857 Thread 0x00007ffd0a005800 Exception <a 'java/lang/NullPointerException'{0x0000000747f80a60}> (0x0000000747f80a60) thrown at [/scratch/mesos/slaves/450fa0f5-8733-43f8-b866-79fe3e86d200-S756/frameworks/1735e8a2-a1db-478c-8104-60c8b0af87dd-0196/executors/132405fd-871a-46c3-bcb1-9693a
Event: 300.564 Thread 0x00007ffd09a01800 Implicit null exception at 0x0000000115181d05 to 0x000000011518551d

Events (10 events):
Event: 10286.064 Executing VM operation: ChangeBreakpoints
Event: 10286.064 Executing VM operation: ChangeBreakpoints done
Event: 10286.064 Executing VM operation: ChangeBreakpoints
Event: 10286.064 Executing VM operation: ChangeBreakpoints done
Event: 10286.064 Executing VM operation: ChangeBreakpoints
Event: 10286.064 Executing VM operation: ChangeBreakpoints done
Event: 10286.064 Executing VM operation: ChangeBreakpoints
Event: 10286.064 Executing VM operation: ChangeBreakpoints done
Event: 10286.065 Thread 0x00007ffd0a874000 Thread exited: 0x00007ffd0a874000
Event: 10286.067 Thread 0x00007ffd09841800 Thread exited: 0x00007ffd09841800


Dynamic libraries:
0x00007fff90d66000 	/System/Library/Frameworks/Cocoa.framework/Versions/A/Cocoa
0x00007fff88b8e000 	/System/Library/Frameworks/Security.framework/Versions/A/Security
0x00007fff92847000 	/System/Library/Frameworks/ApplicationServices.framework/Versions/A/ApplicationServices
0x00007fff9596f000 	/usr/lib/libz.1.dylib
0x00007fff96ee4000 	/usr/lib/libSystem.B.dylib
0x00007fff997f0000 	/System/Library/Frameworks/CoreFoundation.framework/Versions/A/CoreFoundation
0x00007fff9b0a6000 	/System/Library/Frameworks/Foundation.framework/Versions/C/Foundation
0x00007fff95ab7000 	/usr/lib/libobjc.A.dylib
0x00007fff8db20000 	/System/Library/Frameworks/AppKit.framework/Versions/C/AppKit
0x00007fff8866d000 	/System/Library/Frameworks/CoreData.framework/Versions/A/CoreData
0x00007fff96605000 	/System/Library/PrivateFrameworks/RemoteViewServices.framework/Versions/A/RemoteViewServices
0x00007fff96017000 	/System/Library/PrivateFrameworks/UIFoundation.framework/Versions/A/UIFoundation
0x00007fff96817000 	/usr/lib/libScreenReader.dylib
0x00007fff9620d000 	/System/Library/Frameworks/Accelerate.framework/Versions/A/Accelerate
0x00007fff8c374000 	/System/Library/Frameworks/IOSurface.framework/Versions/A/IOSurface
0x00007fff8c1ca000 	/System/Library/Frameworks/AudioToolbox.framework/Versions/A/AudioToolbox
0x00007fff89580000 	/System/Library/Frameworks/AudioUnit.framework/Versions/A/AudioUnit
0x00007fff8a918000 	/System/Library/PrivateFrameworks/DataDetectorsCore.framework/Versions/A/DataDetectorsCore
0x00007fff8bc7b000 	/System/Library/PrivateFrameworks/DesktopServicesPriv.framework/Versions/A/DesktopServicesPriv
0x00007fff8b47f000 	/System/Library/Frameworks/Carbon.framework/Versions/A/Frameworks/HIToolbox.framework/Versions/A/HIToolbox
0x00007fff8b969000 	/System/Library/Frameworks/QuartzCore.framework/Versions/A/QuartzCore
0x00007fff8b778000 	/System/Library/Frameworks/Carbon.framework/Versions/A/Frameworks/SpeechRecognition.framework/Versions/A/SpeechRecognition
0x00007fff87ce0000 	/usr/lib/libauto.dylib
0x00007fff8f815000 	/usr/lib/libicucore.A.dylib
0x00007fff8c0da000 	/usr/lib/libxml2.2.dylib
0x00007fff8d9d5000 	/System/Library/PrivateFrameworks/CoreUI.framework/Versions/A/CoreUI
0x00007fff90ce6000 	/System/Library/Frameworks/CoreAudio.framework/Versions/A/CoreAudio
0x00007fff9a091000 	/System/Library/Frameworks/DiskArbitration.framework/Versions/A/DiskArbitration
0x00007fff9bdf3000 	/usr/lib/liblangid.dylib
0x00007fff8eb3f000 	/System/Library/PrivateFrameworks/MultitouchSupport.framework/Versions/A/MultitouchSupport
0x00007fff8fc50000 	/System/Library/Frameworks/IOKit.framework/Versions/A/IOKit
0x00007fff85d98000 	/usr/lib/libDiagnosticMessagesClient.dylib
0x00007fff8b86f000 	/System/Library/Frameworks/CoreServices.framework/Versions/A/CoreServices
0x00007fff8fa27000 	/System/Library/PrivateFrameworks/PerformanceAnalysis.framework/Versions/A/PerformanceAnalysis
0x00007fff92c59000 	/System/Library/PrivateFrameworks/GenerationalStorage.framework/Versions/A/GenerationalStorage
0x00007fff9620e000 	/System/Library/Frameworks/OpenGL.framework/Versions/A/OpenGL
0x00007fff995ff000 	/System/Library/PrivateFrameworks/Sharing.framework/Versions/A/Sharing
0x00007fff8c473000 	/System/Library/Frameworks/CoreGraphics.framework/Versions/A/CoreGraphics
0x00007fff92614000 	/System/Library/Frameworks/CoreImage.framework/Versions/A/CoreImage
0x00007fff9b88d000 	/System/Library/Frameworks/CoreText.framework/Versions/A/CoreText
0x00007fff8d763000 	/System/Library/Frameworks/ImageIO.framework/Versions/A/ImageIO
0x00007fff99007000 	/System/Library/PrivateFrameworks/Backup.framework/Versions/A/Backup
0x00007fff8eafd000 	/usr/lib/libextension.dylib
0x00007fff9428f000 	/usr/lib/libarchive.2.dylib
0x00007fff91edb000 	/System/Library/Frameworks/CFNetwork.framework/Versions/A/CFNetwork
0x00007fff996b8000 	/System/Library/Frameworks/SystemConfiguration.framework/Versions/A/SystemConfiguration
0x00007fff9958a000 	/usr/lib/libCRFSuite.dylib
0x00007fff9965d000 	/usr/lib/libc++.1.dylib
0x00007fff889e0000 	/usr/lib/libc++abi.dylib
0x00007fff885d1000 	/usr/lib/system/libcache.dylib
0x00007fff9c0da000 	/usr/lib/system/libcommonCrypto.dylib
0x00007fff93fbd000 	/usr/lib/system/libcompiler_rt.dylib
0x00007fff9bdf5000 	/usr/lib/system/libcopyfile.dylib
0x00007fff921ea000 	/usr/lib/system/libcorecrypto.dylib
0x00007fff923f3000 	/usr/lib/system/libdispatch.dylib
0x00007fff965d5000 	/usr/lib/system/libdyld.dylib
0x00007fff979c6000 	/usr/lib/system/libkeymgr.dylib
0x00007fff87ae0000 	/usr/lib/system/liblaunch.dylib
0x00007fff85d92000 	/usr/lib/system/libmacho.dylib
0x00007fff9a098000 	/usr/lib/system/libquarantine.dylib
0x00007fff9965b000 	/usr/lib/system/libremovefile.dylib
0x00007fff88e34000 	/usr/lib/system/libsystem_asl.dylib
0x00007fff89b79000 	/usr/lib/system/libsystem_blocks.dylib
0x00007fff96bfd000 	/usr/lib/system/libsystem_c.dylib
0x00007fff8c371000 	/usr/lib/system/libsystem_configuration.dylib
0x00007fff889dd000 	/usr/lib/system/libsystem_coreservices.dylib
0x00007fff912a6000 	/usr/lib/system/libsystem_coretls.dylib
0x00007fff8ae1b000 	/usr/lib/system/libsystem_dnssd.dylib
0x00007fff96cb9000 	/usr/lib/system/libsystem_info.dylib
0x00007fff9229a000 	/usr/lib/system/libsystem_kernel.dylib
0x00007fff95457000 	/usr/lib/system/libsystem_m.dylib
0x00007fff895ec000 	/usr/lib/system/libsystem_malloc.dylib
0x00007fff8aa9a000 	/usr/lib/system/libsystem_network.dylib
0x00007fff921e1000 	/usr/lib/system/libsystem_networkextension.dylib
0x00007fff92fad000 	/usr/lib/system/libsystem_notify.dylib
0x00007fff8f529000 	/usr/lib/system/libsystem_platform.dylib
0x00007fff91843000 	/usr/lib/system/libsystem_pthread.dylib
0x00007fff962e5000 	/usr/lib/system/libsystem_sandbox.dylib
0x00007fff96ce4000 	/usr/lib/system/libsystem_secinit.dylib
0x00007fff99e20000 	/usr/lib/system/libsystem_trace.dylib
0x00007fff8b777000 	/usr/lib/system/libunc.dylib
0x00007fff8d75d000 	/usr/lib/system/libunwind.dylib
0x00007fff92eae000 	/usr/lib/system/libxpc.dylib
0x00007fff8aa17000 	/usr/lib/libenergytrace.dylib
0x00007fff88e6c000 	/usr/lib/libbsm.0.dylib
0x00007fff8c0b7000 	/usr/lib/system/libkxld.dylib
0x00007fff8aa8b000 	/usr/lib/libxar.1.dylib
0x00007fff9648e000 	/usr/lib/libsqlite3.dylib
0x00007fff892c2000 	/usr/lib/libpam.2.dylib
0x00007fff885e6000 	/usr/lib/libOpenScriptingUtil.dylib
0x00007fff906fe000 	/usr/lib/libbz2.1.0.dylib
0x00007fff96864000 	/usr/lib/liblzma.5.dylib
0x00007fff8808d000 	/System/Library/Frameworks/CoreServices.framework/Versions/A/Frameworks/FSEvents.framework/Versions/A/FSEvents
0x00007fff8aea5000 	/System/Library/Frameworks/CoreServices.framework/Versions/A/Frameworks/CarbonCore.framework/Versions/A/CarbonCore
0x00007fff8d92a000 	/System/Library/Frameworks/CoreServices.framework/Versions/A/Frameworks/Metadata.framework/Versions/A/Metadata
0x00007fff885e7000 	/System/Library/Frameworks/CoreServices.framework/Versions/A/Frameworks/OSServices.framework/Versions/A/OSServices
0x00007fff8a685000 	/System/Library/Frameworks/CoreServices.framework/Versions/A/Frameworks/SearchKit.framework/Versions/A/SearchKit
0x00007fff8b7b2000 	/System/Library/Frameworks/CoreServices.framework/Versions/A/Frameworks/AE.framework/Versions/A/AE
0x00007fff95754000 	/System/Library/Frameworks/CoreServices.framework/Versions/A/Frameworks/LaunchServices.framework/Versions/A/LaunchServices
0x00007fff92c27000 	/System/Library/Frameworks/CoreServices.framework/Versions/A/Frameworks/DictionaryServices.framework/Versions/A/DictionaryServices
0x00007fff9681b000 	/System/Library/Frameworks/CoreServices.framework/Versions/A/Frameworks/SharedFileList.framework/Versions/A/SharedFileList
0x00007fff94039000 	/System/Library/Frameworks/NetFS.framework/Versions/A/NetFS
0x00007fff89f1d000 	/System/Library/PrivateFrameworks/NetAuth.framework/Versions/A/NetAuth
0x00007fff87a90000 	/System/Library/PrivateFrameworks/login.framework/Versions/A/Frameworks/loginsupport.framework/Versions/A/loginsupport
0x00007fff9c338000 	/System/Library/PrivateFrameworks/TCC.framework/Versions/A/TCC
0x00007fff9829c000 	/usr/lib/libmecabra.dylib
0x00007fff99f9a000 	/System/Library/Frameworks/ApplicationServices.framework/Versions/A/Frameworks/ATS.framework/Versions/A/ATS
0x00007fff8ad58000 	/System/Library/Frameworks/ApplicationServices.framework/Versions/A/Frameworks/ColorSync.framework/Versions/A/ColorSync
0x00007fff905fc000 	/System/Library/Frameworks/ApplicationServices.framework/Versions/A/Frameworks/HIServices.framework/Versions/A/HIServices
0x00007fff95a0a000 	/System/Library/Frameworks/ApplicationServices.framework/Versions/A/Frameworks/LangAnalysis.framework/Versions/A/LangAnalysis
0x00007fff87a93000 	/System/Library/Frameworks/ApplicationServices.framework/Versions/A/Frameworks/PrintCore.framework/Versions/A/PrintCore
0x00007fff9949e000 	/System/Library/Frameworks/ApplicationServices.framework/Versions/A/Frameworks/QD.framework/Versions/A/QD
0x00007fff8f234000 	/System/Library/Frameworks/ApplicationServices.framework/Versions/A/Frameworks/SpeechSynthesis.framework/Versions/A/SpeechSynthesis
0x00007fff89b33000 	/System/Library/Frameworks/Metal.framework/Versions/A/Metal
0x00007fff89b7b000 	/System/Library/Frameworks/Accelerate.framework/Versions/A/Frameworks/vImage.framework/Versions/A/vImage
0x00007fff92180000 	/System/Library/Frameworks/Accelerate.framework/Versions/A/Frameworks/vecLib.framework/Versions/A/vecLib
0x00007fff88463000 	/System/Library/Frameworks/Accelerate.framework/Versions/A/Frameworks/vecLib.framework/Versions/A/libvDSP.dylib
0x00007fff9064d000 	/System/Library/Frameworks/Accelerate.framework/Versions/A/Frameworks/vecLib.framework/Versions/A/libvMisc.dylib
0x00007fff85dc3000 	/System/Library/Frameworks/Accelerate.framework/Versions/A/Frameworks/vecLib.framework/Versions/A/libLAPACK.dylib
0x00007fff99e32000 	/System/Library/Frameworks/Accelerate.framework/Versions/A/Frameworks/vecLib.framework/Versions/A/libBLAS.dylib
0x00007fff99573000 	/System/Library/Frameworks/Accelerate.framework/Versions/A/Frameworks/vecLib.framework/Versions/A/libLinearAlgebra.dylib
0x00007fff9b094000 	/System/Library/Frameworks/Accelerate.framework/Versions/A/Frameworks/vecLib.framework/Versions/A/libSparseBLAS.dylib
0x00007fff9a097000 	/System/Library/PrivateFrameworks/GPUCompiler.framework/libmetal_timestamp.dylib
0x00007fff942bb000 	/System/Library/Frameworks/OpenGL.framework/Versions/A/Libraries/libCoreFSCache.dylib
0x00007fff95a01000 	/System/Library/PrivateFrameworks/IOAccelerator.framework/Versions/A/IOAccelerator
0x00007fff95657000 	/System/Library/Frameworks/ApplicationServices.framework/Versions/A/Frameworks/ATS.framework/Versions/A/Resources/libFontParser.dylib
0x00007fff9070d000 	/System/Library/Frameworks/ApplicationServices.framework/Versions/A/Frameworks/ATS.framework/Versions/A/Resources/libFontRegistry.dylib
0x00007fff965b7000 	/System/Library/PrivateFrameworks/AppleVPA.framework/Versions/A/AppleVPA
0x00007fff994e2000 	/System/Library/PrivateFrameworks/AppleJPEG.framework/Versions/A/AppleJPEG
0x00007fff99787000 	/System/Library/Frameworks/ImageIO.framework/Versions/A/Resources/libJPEG.dylib
0x00007fff9621d000 	/System/Library/Frameworks/ImageIO.framework/Versions/A/Resources/libTIFF.dylib
0x00007fff99c92000 	/System/Library/Frameworks/ImageIO.framework/Versions/A/Resources/libPng.dylib
0x00007fff8a346000 	/System/Library/Frameworks/ImageIO.framework/Versions/A/Resources/libGIF.dylib
0x00007fff9788d000 	/System/Library/Frameworks/ImageIO.framework/Versions/A/Resources/libJP2.dylib
0x00007fff99570000 	/System/Library/Frameworks/ImageIO.framework/Versions/A/Resources/libRadiance.dylib
0x00007fff88b59000 	/System/Library/Frameworks/CoreVideo.framework/Versions/A/CoreVideo
0x00007fff8c3ae000 	/System/Library/Frameworks/OpenGL.framework/Versions/A/Libraries/libGLU.dylib
0x00007fff87ae1000 	/System/Library/Frameworks/OpenGL.framework/Versions/A/Libraries/libGFXShared.dylib
0x00007fff8aa78000 	/System/Library/Frameworks/OpenGL.framework/Versions/A/Libraries/libGL.dylib
0x00007fff96a55000 	/System/Library/Frameworks/OpenGL.framework/Versions/A/Libraries/libGLImage.dylib
0x00007fff8e7a0000 	/System/Library/Frameworks/OpenGL.framework/Versions/A/Libraries/libCVMSPluginSupport.dylib
0x00007fff9619c000 	/System/Library/Frameworks/OpenGL.framework/Versions/A/Libraries/libCoreVMClient.dylib
0x00007fff91829000 	/usr/lib/libcompression.dylib
0x00007fff8ea34000 	/usr/lib/libcups.2.dylib
0x00007fff918d3000 	/System/Library/Frameworks/Kerberos.framework/Versions/A/Kerberos
0x00007fff892c7000 	/System/Library/Frameworks/GSS.framework/Versions/A/GSS
0x00007fff9799c000 	/usr/lib/libresolv.9.dylib
0x00007fff8bdf4000 	/usr/lib/libiconv.2.dylib
0x00007fff9af5f000 	/System/Library/PrivateFrameworks/Heimdal.framework/Versions/A/Heimdal
0x00007fff997ac000 	/usr/lib/libheimdal-asn1.dylib
0x00007fff89337000 	/System/Library/Frameworks/OpenDirectory.framework/Versions/A/OpenDirectory
0x00007fff8d9cb000 	/System/Library/PrivateFrameworks/CommonAuth.framework/Versions/A/CommonAuth
0x00007fff87d7f000 	/System/Library/Frameworks/OpenDirectory.framework/Versions/A/Frameworks/CFOpenDirectory.framework/Versions/A/CFOpenDirectory
0x00007fff90753000 	/System/Library/Frameworks/SecurityFoundation.framework/Versions/A/SecurityFoundation
0x00007fff9be02000 	/System/Library/PrivateFrameworks/LanguageModeling.framework/Versions/A/LanguageModeling
0x00007fff8b857000 	/usr/lib/libmarisa.dylib
0x00007fff9a085000 	/usr/lib/libChineseTokenizer.dylib
0x00007fff8fc3b000 	/usr/lib/libcmph.dylib
0x00007fff88406000 	/System/Library/Frameworks/ServiceManagement.framework/Versions/A/ServiceManagement
0x00007fff88035000 	/usr/lib/libxslt.1.dylib
0x00007fff966b3000 	/System/Library/Frameworks/Carbon.framework/Versions/A/Frameworks/Ink.framework/Versions/A/Ink
0x00007fff8b206000 	/usr/lib/libFosl_dynamic.dylib
0x00007fff907e1000 	/System/Library/PrivateFrameworks/FaceCore.framework/Versions/A/FaceCore
0x00007fff90c93000 	/System/Library/Frameworks/OpenCL.framework/Versions/A/OpenCL
0x00007fff99c75000 	/System/Library/PrivateFrameworks/CrashReporterSupport.framework/Versions/A/CrashReporterSupport
0x00007fff91850000 	/System/Library/PrivateFrameworks/IconServices.framework/Versions/A/IconServices
0x00007fff993e0000 	/System/Library/PrivateFrameworks/Apple80211.framework/Versions/A/Apple80211
0x00007fff87c55000 	/System/Library/Frameworks/CoreWLAN.framework/Versions/A/CoreWLAN
0x00007fff8e98f000 	/System/Library/Frameworks/IOBluetooth.framework/Versions/A/IOBluetooth
0x00007fff89584000 	/System/Library/PrivateFrameworks/CoreWiFi.framework/Versions/A/CoreWiFi
0x00007fff8bc67000 	/System/Library/Frameworks/CoreBluetooth.framework/Versions/A/CoreBluetooth
0x00007fff92e86000 	/System/Library/PrivateFrameworks/ChunkingLibrary.framework/Versions/A/ChunkingLibrary
0x00007fff88992000 	/System/Library/PrivateFrameworks/DebugSymbols.framework/Versions/A/DebugSymbols
0x00007fff89f28000 	/System/Library/PrivateFrameworks/CoreSymbolication.framework/Versions/A/CoreSymbolication
0x00007fff954d2000 	/System/Library/PrivateFrameworks/Symbolication.framework/Versions/A/Symbolication
0x00007fff979b9000 	/System/Library/PrivateFrameworks/SpeechRecognitionCore.framework/Versions/A/SpeechRecognitionCore
0x0000000102200000 	/Library/Java/JavaVirtualMachines/jdk-9.0.4.jdk/Contents/Home/lib/server/libjvm.dylib
0x00007fff87c06000 	/usr/lib/libstdc++.6.dylib
0x00000001018a0000 	/Library/Java/JavaVirtualMachines/jdk-9.0.4.jdk/Contents/Home/lib/libverify.dylib
0x00000001018ad000 	/Library/Java/JavaVirtualMachines/jdk-9.0.4.jdk/Contents/Home/lib/libjava.dylib
0x00000001018e3000 	/Library/Java/JavaVirtualMachines/jdk-9.0.4.jdk/Contents/Home/lib/libjdwp.dylib
0x0000000101920000 	/Library/Java/JavaVirtualMachines/jdk-9.0.4.jdk/Contents/Home/lib/libinstrument.dylib
0x0000000101975000 	/Library/Java/JavaVirtualMachines/jdk-9.0.4.jdk/Contents/Home/lib/libzip.dylib
0x000000010197d000 	/Library/Java/JavaVirtualMachines/jdk-9.0.4.jdk/Contents/Home/lib/libjimage.dylib
0x00000001019dd000 	/Library/Java/JavaVirtualMachines/jdk-9.0.4.jdk/Contents/Home/lib/libnio.dylib
0x000000012491a000 	/Library/Java/JavaVirtualMachines/jdk-9.0.4.jdk/Contents/Home/lib/./libnet.dylib
0x00000001019ed000 	/Library/Java/JavaVirtualMachines/jdk-9.0.4.jdk/Contents/Home/lib/libdt_socket.dylib
0x00000001249db000 	/Library/Java/JavaVirtualMachines/jdk-9.0.4.jdk/Contents/Home/lib/libawt.dylib
0x0000000124a80000 	/Library/Java/JavaVirtualMachines/jdk-9.0.4.jdk/Contents/Home/lib/./libmlib_image.dylib
0x0000000124aee000 	/System/Library/Frameworks/JavaVM.framework/Versions/A/Frameworks/JavaNativeFoundation.framework/Versions/A/JavaNativeFoundation
0x0000000124b03000 	/System/Library/Frameworks/JavaVM.framework/Versions/A/Frameworks/JavaRuntimeSupport.framework/Versions/A/JavaRuntimeSupport
0x00000001019f3000 	/System/Library/Frameworks/JavaVM.framework/Versions/A/JavaVM
0x0000000124b1e000 	/System/Library/PrivateFrameworks/JavaLaunching.framework/Versions/A/JavaLaunching
0x00007fff92c57000 	/System/Library/Frameworks/Carbon.framework/Versions/A/Carbon
0x00007fff99656000 	/System/Library/Frameworks/Carbon.framework/Versions/A/Frameworks/CommonPanels.framework/Versions/A/CommonPanels
0x00007fff921dd000 	/System/Library/Frameworks/Carbon.framework/Versions/A/Frameworks/Help.framework/Versions/A/Help
0x00007fff88914000 	/System/Library/Frameworks/Carbon.framework/Versions/A/Frameworks/ImageCapture.framework/Versions/A/ImageCapture
0x00007fff9401f000 	/System/Library/Frameworks/Carbon.framework/Versions/A/Frameworks/OpenScripting.framework/Versions/A/OpenScripting
0x00007fff9beaa000 	/System/Library/Frameworks/Carbon.framework/Versions/A/Frameworks/Print.framework/Versions/A/Print
0x00007fff9184d000 	/System/Library/Frameworks/Carbon.framework/Versions/A/Frameworks/SecurityHI.framework/Versions/A/SecurityHI
0x0000000124b2a000 	/Library/Java/JavaVirtualMachines/jdk-9.0.4.jdk/Contents/Home/lib/libawt_lwawt.dylib
0x0000000124bea000 	/Library/Java/JavaVirtualMachines/jdk-9.0.4.jdk/Contents/Home/lib/./libosxapp.dylib
0x00007fff90ce3000 	/System/Library/Frameworks/ExceptionHandling.framework/Versions/A/ExceptionHandling
0x0000000124e2e000 	/Library/Java/JavaVirtualMachines/jdk-9.0.4.jdk/Contents/Home/lib/libfontmanager.dylib
0x00007fff89308000 	/System/Library/PrivateFrameworks/CoreServicesInternal.framework/Versions/A/CoreServicesInternal
0x00007fff9690e000 	/System/Library/Frameworks/CoreGraphics.framework/Versions/A/Resources/libRIP.A.dylib
0x00007fff8c067000 	/System/Library/Frameworks/Accelerate.framework/Versions/A/Frameworks/vImage.framework/Versions/A/Libraries/libCGInterfaces.dylib
0x00007fff8bee7000 	/System/Library/Frameworks/CoreGraphics.framework/Versions/A/Resources/libCGXType.A.dylib
0x00007fff8b1fd000 	/System/Library/Frameworks/OpenCL.framework/Versions/A/Libraries/libcldcpuengine.dylib
0x00007fff96ad6000 	/System/Library/PrivateFrameworks/DiskImages.framework/Versions/A/DiskImages
0x00007fff9afd9000 	/System/Library/Frameworks/DiscRecording.framework/Versions/A/DiscRecording
0x00007fff8a004000 	/usr/lib/libcsfde.dylib
0x00007fff8a61d000 	/usr/lib/libcurl.4.dylib
0x00007fff8954c000 	/System/Library/PrivateFrameworks/MediaKit.framework/Versions/A/MediaKit
0x00007fff86ed6000 	/System/Library/PrivateFrameworks/ProtectedCloudStorage.framework/Versions/A/ProtectedCloudStorage
0x00007fff912be000 	/usr/lib/libCoreStorage.dylib
0x00007fff8ea86000 	/System/Library/PrivateFrameworks/EFILogin.framework/Versions/A/EFILogin
0x00007fff99c72000 	/usr/lib/libutil.dylib
0x00007fff88663000 	/System/Library/PrivateFrameworks/FindMyDevice.framework/Versions/A/FindMyDevice
0x00007fff92262000 	/System/Library/Frameworks/LDAP.framework/Versions/A/LDAP
0x00007fff8a60a000 	/usr/lib/libsasl2.2.dylib
0x00007fff8ae86000 	/System/Library/PrivateFrameworks/CoreDaemon.framework/Versions/B/CoreDaemon
0x00007fff97acf000 	/usr/lib/libcrypto.0.9.8.dylib
0x00007fff8f6cb000 	/System/Library/PrivateFrameworks/AppleSRP.framework/Versions/A/AppleSRP
0x00007fff95a08000 	/System/Library/PrivateFrameworks/TrustEvaluationAgent.framework/Versions/A/TrustEvaluationAgent
0x0000000127ee9000 	cl_kernels
0x00007fff979d1000 	/System/Library/Frameworks/OpenCL.framework/Versions/A/Libraries/ImageFormats/unorm8_bgra.dylib
0x00007fff8bb38000 	/System/Library/Frameworks/OpenCL.framework/Versions/A/Libraries/ImageFormats/unorm8_rgba.dylib
0x00007fff9c179000 	/System/Library/Frameworks/OpenGL.framework/Versions/A/Resources/GLEngine.bundle/GLEngine
0x00007fff893bf000 	/System/Library/Frameworks/OpenGL.framework/Versions/A/Libraries/libGLProgrammability.dylib
0x0000000128f06000 	/System/Library/Extensions/AppleIntelBDWGraphicsGLDriver.bundle/Contents/MacOS/AppleIntelBDWGraphicsGLDriver
0x00007fff8b808000 	/System/Library/PrivateFrameworks/GPUSupport.framework/Versions/A/Libraries/libGPUSupportMercury.dylib
0x00007fff8adef000 	/System/Library/Frameworks/OpenGL.framework/Versions/A/Resources/GLRendererFloat.bundle/GLRendererFloat
0x000000012a127000 	/Library/Java/JavaVirtualMachines/jdk-9.0.4.jdk/Contents/Home/lib/libosxui.dylib
0x000000012b463000 	/System/Library/Extensions/AppleIntelBDWGraphicsMTLDriver.bundle/Contents/MacOS/AppleIntelBDWGraphicsMTLDriver
0x00007fff8b77f000 	/System/Library/Frameworks/ApplicationServices.framework/Versions/A/Frameworks/ATS.framework/Versions/A/Resources/libTrueTypeScaler.dylib

VM Arguments:
jvm_args: -agentlib:jdwp=transport=dt_socket,address=127.0.0.1:52614,suspend=y,server=n -javaagent:/Users/ellathames/Library/Caches/IdeaIC2017.3/captureAgent/debugger-agent.jar=/private/var/folders/n4/v4l_dfvs7kd6535r6_l0z9dm0000gn/T/capture.props -Dfile.encoding=UTF-8 
java_command: byog.Core.Main n97976986123s
java_class_path (initial): /Users/ellathames/Documents/cs61b/sp18-proj2-bwd-bjk/proj2/out/production/proj2:/Users/ellathames/Documents/cs61b/sp18-bjk/library-sp18/javalib/algs4.jar:/Users/ellathames/Documents/cs61b/sp18-bjk/library-sp18/javalib/jh61b.jar:/Users/ellathames/Documents/cs61b/sp18-bjk/library-sp18/javalib/stdlib.jar:/Users/ellathames/Documents/cs61b/sp18-bjk/library-sp18/javalib/junit-4.12.jar:/Users/ellathames/Documents/cs61b/sp18-bjk/library-sp18/javalib/stdlib-package.jar:/Users/ellathames/Documents/cs61b/sp18-bjk/library-sp18/javalib/hamcrest-core-1.3.jar:/Applications/IntelliJ IDEA CE.app/Contents/lib/idea_rt.jar
Launcher Type: SUN_STANDARD

Logging:
Log output configuration:
#0: stdout all=warning uptime,level,tags
#1: stderr all=off uptime,level,tags

Environment Variables:
PATH=/Users/ellathames/anaconda3/bin:/Library/Frameworks/Python.framework/Versions/3.6/bin:/Users/ellathames/anaconda/bin:/usr/local/bin:/usr/bin:/bin:/usr/sbin:/sbin
SHELL=/bin/bash

Signal Handlers:
SIGSEGV: [libjvm.dylib+0x73f3dc], sa_mask[0]=11111111011111110111111111111111, sa_flags=SA_ONSTACK|SA_RESTART|SA_SIGINFO
SIGBUS: [libjvm.dylib+0x73f3dc], sa_mask[0]=11111111011111110111111111111111, sa_flags=SA_RESTART|SA_SIGINFO
SIGFPE: [libjvm.dylib+0x73f3dc], sa_mask[0]=11111111011111110111111111111111, sa_flags=SA_RESTART|SA_SIGINFO
SIGPIPE: [libjvm.dylib+0x5f233c], sa_mask[0]=11111111011111110111111111111111, sa_flags=SA_RESTART|SA_SIGINFO
SIGXFSZ: [libjvm.dylib+0x5f233c], sa_mask[0]=11111111011111110111111111111111, sa_flags=SA_RESTART|SA_SIGINFO
SIGILL: [libjvm.dylib+0x73f3dc], sa_mask[0]=11111111011111110111111111111111, sa_flags=SA_RESTART|SA_SIGINFO
SIGUSR2: [libjvm.dylib+0x5f2bcc], sa_mask[0]=00100000000000000000000000000000, sa_flags=SA_RESTART|SA_SIGINFO
SIGHUP: [libjvm.dylib+0x5f1409], sa_mask[0]=11111111011111110111111111111111, sa_flags=SA_RESTART|SA_SIGINFO
SIGINT: [libjvm.dylib+0x5f1409], sa_mask[0]=11111111011111110111111111111111, sa_flags=SA_RESTART|SA_SIGINFO
SIGTERM: [libjvm.dylib+0x5f1409], sa_mask[0]=11111111011111110111111111111111, sa_flags=SA_RESTART|SA_SIGINFO
SIGQUIT: [libjvm.dylib+0x5f1409], sa_mask[0]=11111111011111110111111111111111, sa_flags=SA_RESTART|SA_SIGINFO


---------------  S Y S T E M  ---------------

OS:uname:Darwin 15.6.0 Darwin Kernel Version 15.6.0: Thu Jun 23 18:25:34 PDT 2016; root:xnu-3248.60.10~1/RELEASE_X86_64 x86_64
rlimit: STACK 8192k, CORE 0k, NPROC 709, NOFILE 10240, AS infinity
load average:5.99 5.51 4.87

CPU:total 4 (initial active 4) (2 cores per cpu, 2 threads per core) family 6 model 61 stepping 4, cmov, cx8, fxsr, mmx, sse, sse2, sse3, ssse3, sse4.1, sse4.2, popcnt, avx, avx2, aes, clmul, erms, 3dnowpref, lzcnt, ht, tsc, tscinvbit, bmi1, bmi2, adx, fma

Memory: 4k page, physical 8388608k(16008k free)

vm_info: Java HotSpot(TM) 64-Bit Server VM (9.0.4+11) for bsd-amd64 JRE (9.0.4+11), built on Dec 20 2017 02:08:50 by "mach5one" with gcc 4.2.1 Compatible Apple LLVM 6.1.0 (clang-602.0.49)

END.
